<?xml version="1.0" encoding="UTF-8"?>
<testsuite xmlns:xsi="http://www.w3.org/2001/XMLSchema-instance" xsi:noNamespaceSchemaLocation="https://maven.apache.org/surefire/maven-surefire-plugin/xsd/surefire-test-report-3.0.xsd" version="3.0" name="TestRunner.Run" time="46.057" tests="5" errors="0" skipped="0" failures="0">
  <properties>
[...]
</properties>
  <testcase name="runScenario[&quot;Add New Customer&quot;, &quot;Customers&quot;](1)" classname="TestRunner.Run" time="12.563">
    <system-out><![CDATA[Setup-Sanity method executed..
[DEBUG] Resolution chrome=112 in cache (valid until 09:16:16 16/04/2023 EDT)
[DEBUG] Resolution chrome112=112.0.5615.49 in cache (valid until 08:16:16 17/04/2023 EDT)
[INFO] Using chromedriver 112.0.5615.49 (resolved driver for Chrome 112)
[DEBUG] Driver chromedriver 112.0.5615.49 found in cache
[INFO] Exporting webdriver.chrome.driver as C:\Users\ghaya\.cache\selenium\chromedriver\win32\112.0.5615.49\chromedriver.exe
[DEBUG] Using SLF4J as the default logging framework
[DEBUG] -Dio.netty.leakDetection.level: simple
[DEBUG] -Dio.netty.leakDetection.targetRecords: 4
[DEBUG] Loaded default ResourceLeakDetector: io.netty.util.ResourceLeakDetector@6f9c5048
[DEBUG] -Dio.netty.noUnsafe: false
[DEBUG] Java version: 14
[DEBUG] sun.misc.Unsafe.theUnsafe: available
[DEBUG] sun.misc.Unsafe.copyMemory: available
[DEBUG] sun.misc.Unsafe.storeFence: available
[DEBUG] java.nio.Buffer.address: available
[DEBUG] direct buffer constructor: unavailable: Reflective setAccessible(true) disabled
[DEBUG] java.nio.Bits.unaligned: available, true
[DEBUG] jdk.internal.misc.Unsafe.allocateUninitializedArray(int): unavailable: class io.netty.util.internal.PlatformDependent0$7 cannot access class jdk.internal.misc.Unsafe (in module java.base) because module java.base does not export jdk.internal.misc to unnamed module @17503f6b
[DEBUG] java.nio.DirectByteBuffer.<init>(long, int): unavailable
[DEBUG] sun.misc.Unsafe: available
[DEBUG] maxDirectMemory: 4259315712 bytes (maybe)
[DEBUG] -Dio.netty.tmpdir: C:\Users\ghaya\AppData\Local\Temp (java.io.tmpdir)
[DEBUG] -Dio.netty.bitMode: 64 (sun.arch.data.model)
[DEBUG] Platform: Windows
[DEBUG] -Dio.netty.maxDirectMemory: -1 bytes
[DEBUG] -Dio.netty.uninitializedArrayAllocationThreshold: -1
[DEBUG] java.nio.ByteBuffer.cleaner(): available
[DEBUG] -Dio.netty.noPreferDirect: false
[DEBUG] org.jctools-core.MpscChunkedArrayQueue: available
[DEBUG] -Dio.netty.threadLocalMap.stringBuilder.initialSize: 1024
[DEBUG] -Dio.netty.threadLocalMap.stringBuilder.maxSize: 4096
[DEBUG] Default protocols (JDK): [TLSv1.3, TLSv1.2, TLSv1.1, TLSv1] 
[DEBUG] Default cipher suites (JDK): [TLS_ECDHE_ECDSA_WITH_AES_256_GCM_SHA384, TLS_ECDHE_ECDSA_WITH_AES_128_GCM_SHA256, TLS_ECDHE_RSA_WITH_AES_128_GCM_SHA256, TLS_ECDHE_RSA_WITH_AES_256_GCM_SHA384, TLS_ECDHE_RSA_WITH_AES_128_CBC_SHA, TLS_ECDHE_RSA_WITH_AES_256_CBC_SHA, TLS_RSA_WITH_AES_128_GCM_SHA256, TLS_RSA_WITH_AES_128_CBC_SHA, TLS_RSA_WITH_AES_256_CBC_SHA, TLS_AES_128_GCM_SHA256, TLS_AES_256_GCM_SHA384]
[DEBUG] -Dio.netty.globalEventExecutor.quietPeriodSeconds: 1
[DEBUG] -Dio.netty.eventLoopThreads: 16
[DEBUG] -Dio.netty.noKeySetOptimization: false
[DEBUG] -Dio.netty.selectorAutoRebuildThreshold: 512
[DEBUG] -Dio.netty.allocator.numHeapArenas: 16
[DEBUG] -Dio.netty.allocator.numDirectArenas: 16
[DEBUG] -Dio.netty.allocator.pageSize: 8192
[DEBUG] -Dio.netty.allocator.maxOrder: 9
[DEBUG] -Dio.netty.allocator.chunkSize: 4194304
[DEBUG] -Dio.netty.allocator.smallCacheSize: 256
[DEBUG] -Dio.netty.allocator.normalCacheSize: 64
[DEBUG] -Dio.netty.allocator.maxCachedBufferCapacity: 32768
[DEBUG] -Dio.netty.allocator.cacheTrimInterval: 8192
[DEBUG] -Dio.netty.allocator.cacheTrimIntervalMillis: 0
[DEBUG] -Dio.netty.allocator.useCacheForAllThreads: false
[DEBUG] -Dio.netty.allocator.maxCachedByteBuffersPerChunk: 1023
[DEBUG] -Dio.netty.allocator.type: pooled
[DEBUG] -Dio.netty.threadLocalDirectBufferSize: 0
[DEBUG] -Dio.netty.maxThreadLocalCharBufferSize: 16384
[DEBUG] -Dio.netty.processId: 8216 (auto-detected)
[DEBUG] -Djava.net.preferIPv4Stack: false
[DEBUG] -Djava.net.preferIPv6Addresses: false
[DEBUG] Loopback interface: lo (Software Loopback Interface 1, 127.0.0.1)
[DEBUG] Failed to get SOMAXCONN from sysctl and file \proc\sys\net\core\somaxconn. Default: 200
[DEBUG] -Dio.netty.machineId: 98:48:27:ff:fe:a7:18:66 (auto-detected)
[DEBUG] -Dio.netty.buffer.checkAccessible: true
[DEBUG] -Dio.netty.buffer.checkBounds: true
[DEBUG] Loaded default ResourceLeakDetector: io.netty.util.ResourceLeakDetector@374b9c1
[DEBUG] Using new Channel '[id: 0xc6006600, L:/127.0.0.1:50733 - R:localhost/127.0.0.1:36722]' for 'POST' to '/session'
[DEBUG] -Dio.netty.recycler.maxCapacityPerThread: 4096
[DEBUG] -Dio.netty.recycler.ratio: 8
[DEBUG] -Dio.netty.recycler.chunkSize: 32
[DEBUG] -Dio.netty.recycler.blocking: false
[DEBUG] -Dio.netty.recycler.batchFastThreadLocalOnly: true
[DEBUG] brotli4j not in the classpath; Brotli support will be unavailable.
[DEBUG] 

Request DefaultHttpRequest(decodeResult: success, version: HTTP/1.1)
POST /session HTTP/1.1
User-Agent: selenium/4.8.3 (java windows)
Content-Length: 439
Content-Type: application/json; charset=utf-8
host: localhost:36722
accept: */*

Response DefaultHttpResponse(decodeResult: success, version: HTTP/1.1)
HTTP/1.1 200 OK
Content-Length: 858
Content-Type: application/json; charset=utf-8
cache-control: no-cache

[DEBUG] Adding key: http://localhost:36722 for channel [id: 0xc6006600, L:/127.0.0.1:50733 - R:localhost/127.0.0.1:36722]
[DEBUG] Using new Channel '[id: 0x617032d0, L:/127.0.0.1:50740 - R:localhost/127.0.0.1:50734]' for 'GET' to '/json/version'
[DEBUG] 

Request DefaultFullHttpRequest(decodeResult: success, version: HTTP/1.1, content: EmptyByteBufBE)
GET /json/version HTTP/1.1
User-Agent: selenium/4.8.3 (java windows)
host: localhost:50734
accept: */*

Response DefaultHttpResponse(decodeResult: success, version: HTTP/1.1)
HTTP/1.1 200 OK
Content-Security-Policy: frame-ancestors 'none'
Content-Length: 422
Content-Type: application/json; charset=UTF-8

[DEBUG] Adding key: http://localhost:50734 for channel [id: 0x617032d0, L:/127.0.0.1:50740 - R:localhost/127.0.0.1:50734]
[DEBUG] -Dio.netty.initialSeedUniquifier: 0xbea537e3dbb08d03
[DEBUG] Using new Channel '[id: 0x01c9bde5, L:/127.0.0.1:50741 - R:localhost/127.0.0.1:50734]' for 'GET' to '/devtools/browser/ee197389-dc21-461d-8771-c3d17be4a27d'
[DEBUG] 

Request DefaultFullHttpRequest(decodeResult: success, version: HTTP/1.1, content: EmptyByteBufBE)
GET /devtools/browser/ee197389-dc21-461d-8771-c3d17be4a27d HTTP/1.1
upgrade: websocket
connection: upgrade
sec-websocket-key: EeMN1xAU4BfFlUJPE3rOzA==
sec-websocket-version: 13
origin: http://localhost:50734
host: localhost:50734
accept: */*
user-agent: AHC/2.1

Response DefaultHttpResponse(decodeResult: success, version: HTTP/1.1)
HTTP/1.1 101 WebSocket Protocol Handshake
Upgrade: WebSocket
Connection: Upgrade
Sec-WebSocket-Accept: 7vFozipyI1qlitx4zdZTjHQ9oEU=

[FATAL] 2023-04-16 08:31:16.929 [main] StepDef - Setup1 executed...
[INFO ] 2023-04-16 08:31:16.949 [main] StepDef - chrome browser launched
[DEBUG] Using pooled Channel '[id: 0xc6006600, L:/127.0.0.1:50733 - R:localhost/127.0.0.1:36722]' for 'POST' to 'http://localhost:36722/session/157a910c0f3cfa9d788aac89f8c82209/url'
[DEBUG] Using open Channel [id: 0xc6006600, L:/127.0.0.1:50733 - R:localhost/127.0.0.1:36722] for POST '/session/157a910c0f3cfa9d788aac89f8c82209/url'
[DEBUG] Entry count for : http://localhost:50734 : 1
[DEBUG] 

Request DefaultHttpRequest(decodeResult: success, version: HTTP/1.1)
POST /session/157a910c0f3cfa9d788aac89f8c82209/url HTTP/1.1
User-Agent: selenium/4.8.3 (java windows)
Content-Length: 69
Content-Type: application/json; charset=utf-8
host: localhost:36722
accept: */*

Response DefaultHttpResponse(decodeResult: success, version: HTTP/1.1)
HTTP/1.1 200 OK
Content-Length: 14
Content-Type: application/json; charset=utf-8
cache-control: no-cache

[DEBUG] Adding key: http://localhost:36722 for channel [id: 0xc6006600, L:/127.0.0.1:50733 - R:localhost/127.0.0.1:36722]
[INFO ] 2023-04-16 08:31:18.052 [main] StepDef - url opened
[DEBUG] Using pooled Channel '[id: 0xc6006600, L:/127.0.0.1:50733 - R:localhost/127.0.0.1:36722]' for 'POST' to 'http://localhost:36722/session/157a910c0f3cfa9d788aac89f8c82209/element'
[DEBUG] Using open Channel [id: 0xc6006600, L:/127.0.0.1:50733 - R:localhost/127.0.0.1:36722] for POST '/session/157a910c0f3cfa9d788aac89f8c82209/element'
[DEBUG] 

Request DefaultHttpRequest(decodeResult: success, version: HTTP/1.1)
POST /session/157a910c0f3cfa9d788aac89f8c82209/element HTTP/1.1
User-Agent: selenium/4.8.3 (java windows)
Content-Length: 50
Content-Type: application/json; charset=utf-8
host: localhost:36722
accept: */*

Response DefaultHttpResponse(decodeResult: success, version: HTTP/1.1)
HTTP/1.1 200 OK
Content-Length: 88
Content-Type: application/json; charset=utf-8
cache-control: no-cache

[DEBUG] Adding key: http://localhost:36722 for channel [id: 0xc6006600, L:/127.0.0.1:50733 - R:localhost/127.0.0.1:36722]
[DEBUG] Using pooled Channel '[id: 0xc6006600, L:/127.0.0.1:50733 - R:localhost/127.0.0.1:36722]' for 'POST' to 'http://localhost:36722/session/157a910c0f3cfa9d788aac89f8c82209/element/992d11b0-bb3f-473e-8c12-6803d4952aa2/clear'
[DEBUG] Using open Channel [id: 0xc6006600, L:/127.0.0.1:50733 - R:localhost/127.0.0.1:36722] for POST '/session/157a910c0f3cfa9d788aac89f8c82209/element/992d11b0-bb3f-473e-8c12-6803d4952aa2/clear'
[DEBUG] 

Request DefaultHttpRequest(decodeResult: success, version: HTTP/1.1)
POST /session/157a910c0f3cfa9d788aac89f8c82209/element/992d11b0-bb3f-473e-8c12-6803d4952aa2/clear HTTP/1.1
User-Agent: selenium/4.8.3 (java windows)
Content-Length: 50
Content-Type: application/json; charset=utf-8
host: localhost:36722
accept: */*

Response DefaultHttpResponse(decodeResult: success, version: HTTP/1.1)
HTTP/1.1 200 OK
Content-Length: 14
Content-Type: application/json; charset=utf-8
cache-control: no-cache

[DEBUG] Adding key: http://localhost:36722 for channel [id: 0xc6006600, L:/127.0.0.1:50733 - R:localhost/127.0.0.1:36722]
[DEBUG] Using pooled Channel '[id: 0xc6006600, L:/127.0.0.1:50733 - R:localhost/127.0.0.1:36722]' for 'POST' to 'http://localhost:36722/session/157a910c0f3cfa9d788aac89f8c82209/element'
[DEBUG] Using open Channel [id: 0xc6006600, L:/127.0.0.1:50733 - R:localhost/127.0.0.1:36722] for POST '/session/157a910c0f3cfa9d788aac89f8c82209/element'
[DEBUG] 

Request DefaultHttpRequest(decodeResult: success, version: HTTP/1.1)
POST /session/157a910c0f3cfa9d788aac89f8c82209/element HTTP/1.1
User-Agent: selenium/4.8.3 (java windows)
Content-Length: 50
Content-Type: application/json; charset=utf-8
host: localhost:36722
accept: */*

Response DefaultHttpResponse(decodeResult: success, version: HTTP/1.1)
HTTP/1.1 200 OK
Content-Length: 88
Content-Type: application/json; charset=utf-8
cache-control: no-cache

[DEBUG] Adding key: http://localhost:36722 for channel [id: 0xc6006600, L:/127.0.0.1:50733 - R:localhost/127.0.0.1:36722]
[DEBUG] Using pooled Channel '[id: 0xc6006600, L:/127.0.0.1:50733 - R:localhost/127.0.0.1:36722]' for 'POST' to 'http://localhost:36722/session/157a910c0f3cfa9d788aac89f8c82209/element/992d11b0-bb3f-473e-8c12-6803d4952aa2/value'
[DEBUG] Using open Channel [id: 0xc6006600, L:/127.0.0.1:50733 - R:localhost/127.0.0.1:36722] for POST '/session/157a910c0f3cfa9d788aac89f8c82209/element/992d11b0-bb3f-473e-8c12-6803d4952aa2/value'
[DEBUG] 

Request DefaultHttpRequest(decodeResult: success, version: HTTP/1.1)
POST /session/157a910c0f3cfa9d788aac89f8c82209/element/992d11b0-bb3f-473e-8c12-6803d4952aa2/value HTTP/1.1
User-Agent: selenium/4.8.3 (java windows)
Content-Length: 271
Content-Type: application/json; charset=utf-8
host: localhost:36722
accept: */*

Response DefaultHttpResponse(decodeResult: success, version: HTTP/1.1)
HTTP/1.1 200 OK
Content-Length: 14
Content-Type: application/json; charset=utf-8
cache-control: no-cache

[DEBUG] Adding key: http://localhost:36722 for channel [id: 0xc6006600, L:/127.0.0.1:50733 - R:localhost/127.0.0.1:36722]
[DEBUG] Using pooled Channel '[id: 0xc6006600, L:/127.0.0.1:50733 - R:localhost/127.0.0.1:36722]' for 'POST' to 'http://localhost:36722/session/157a910c0f3cfa9d788aac89f8c82209/element'
[DEBUG] Using open Channel [id: 0xc6006600, L:/127.0.0.1:50733 - R:localhost/127.0.0.1:36722] for POST '/session/157a910c0f3cfa9d788aac89f8c82209/element'
[DEBUG] 

Request DefaultHttpRequest(decodeResult: success, version: HTTP/1.1)
POST /session/157a910c0f3cfa9d788aac89f8c82209/element HTTP/1.1
User-Agent: selenium/4.8.3 (java windows)
Content-Length: 53
Content-Type: application/json; charset=utf-8
host: localhost:36722
accept: */*

Response DefaultHttpResponse(decodeResult: success, version: HTTP/1.1)
HTTP/1.1 200 OK
Content-Length: 88
Content-Type: application/json; charset=utf-8
cache-control: no-cache

[DEBUG] Adding key: http://localhost:36722 for channel [id: 0xc6006600, L:/127.0.0.1:50733 - R:localhost/127.0.0.1:36722]
[DEBUG] Using pooled Channel '[id: 0xc6006600, L:/127.0.0.1:50733 - R:localhost/127.0.0.1:36722]' for 'POST' to 'http://localhost:36722/session/157a910c0f3cfa9d788aac89f8c82209/element/1aa2c201-0045-46a3-a555-3bd9f39d8634/clear'
[DEBUG] Using open Channel [id: 0xc6006600, L:/127.0.0.1:50733 - R:localhost/127.0.0.1:36722] for POST '/session/157a910c0f3cfa9d788aac89f8c82209/element/1aa2c201-0045-46a3-a555-3bd9f39d8634/clear'
[DEBUG] 

Request DefaultHttpRequest(decodeResult: success, version: HTTP/1.1)
POST /session/157a910c0f3cfa9d788aac89f8c82209/element/1aa2c201-0045-46a3-a555-3bd9f39d8634/clear HTTP/1.1
User-Agent: selenium/4.8.3 (java windows)
Content-Length: 50
Content-Type: application/json; charset=utf-8
host: localhost:36722
accept: */*

Response DefaultHttpResponse(decodeResult: success, version: HTTP/1.1)
HTTP/1.1 200 OK
Content-Length: 14
Content-Type: application/json; charset=utf-8
cache-control: no-cache

[DEBUG] Adding key: http://localhost:36722 for channel [id: 0xc6006600, L:/127.0.0.1:50733 - R:localhost/127.0.0.1:36722]
[DEBUG] Using pooled Channel '[id: 0xc6006600, L:/127.0.0.1:50733 - R:localhost/127.0.0.1:36722]' for 'POST' to 'http://localhost:36722/session/157a910c0f3cfa9d788aac89f8c82209/element'
[DEBUG] Using open Channel [id: 0xc6006600, L:/127.0.0.1:50733 - R:localhost/127.0.0.1:36722] for POST '/session/157a910c0f3cfa9d788aac89f8c82209/element'
[DEBUG] 

Request DefaultHttpRequest(decodeResult: success, version: HTTP/1.1)
POST /session/157a910c0f3cfa9d788aac89f8c82209/element HTTP/1.1
User-Agent: selenium/4.8.3 (java windows)
Content-Length: 53
Content-Type: application/json; charset=utf-8
host: localhost:36722
accept: */*

Response DefaultHttpResponse(decodeResult: success, version: HTTP/1.1)
HTTP/1.1 200 OK
Content-Length: 88
Content-Type: application/json; charset=utf-8
cache-control: no-cache

[DEBUG] Adding key: http://localhost:36722 for channel [id: 0xc6006600, L:/127.0.0.1:50733 - R:localhost/127.0.0.1:36722]
[DEBUG] Using pooled Channel '[id: 0xc6006600, L:/127.0.0.1:50733 - R:localhost/127.0.0.1:36722]' for 'POST' to 'http://localhost:36722/session/157a910c0f3cfa9d788aac89f8c82209/element/1aa2c201-0045-46a3-a555-3bd9f39d8634/value'
[DEBUG] Using open Channel [id: 0xc6006600, L:/127.0.0.1:50733 - R:localhost/127.0.0.1:36722] for POST '/session/157a910c0f3cfa9d788aac89f8c82209/element/1aa2c201-0045-46a3-a555-3bd9f39d8634/value'
[DEBUG] 

Request DefaultHttpRequest(decodeResult: success, version: HTTP/1.1)
POST /session/157a910c0f3cfa9d788aac89f8c82209/element/1aa2c201-0045-46a3-a555-3bd9f39d8634/value HTTP/1.1
User-Agent: selenium/4.8.3 (java windows)
Content-Length: 131
Content-Type: application/json; charset=utf-8
host: localhost:36722
accept: */*

Response DefaultHttpResponse(decodeResult: success, version: HTTP/1.1)
HTTP/1.1 200 OK
Content-Length: 14
Content-Type: application/json; charset=utf-8
cache-control: no-cache

[DEBUG] Adding key: http://localhost:36722 for channel [id: 0xc6006600, L:/127.0.0.1:50733 - R:localhost/127.0.0.1:36722]
[INFO ] 2023-04-16 08:31:18.177 [main] StepDef - email address and password entered
[DEBUG] Using pooled Channel '[id: 0xc6006600, L:/127.0.0.1:50733 - R:localhost/127.0.0.1:36722]' for 'POST' to 'http://localhost:36722/session/157a910c0f3cfa9d788aac89f8c82209/element'
[DEBUG] Using open Channel [id: 0xc6006600, L:/127.0.0.1:50733 - R:localhost/127.0.0.1:36722] for POST '/session/157a910c0f3cfa9d788aac89f8c82209/element'
[DEBUG] 

Request DefaultHttpRequest(decodeResult: success, version: HTTP/1.1)
POST /session/157a910c0f3cfa9d788aac89f8c82209/element HTTP/1.1
User-Agent: selenium/4.8.3 (java windows)
Content-Length: 87
Content-Type: application/json; charset=utf-8
host: localhost:36722
accept: */*

Response DefaultHttpResponse(decodeResult: success, version: HTTP/1.1)
HTTP/1.1 200 OK
Content-Length: 88
Content-Type: application/json; charset=utf-8
cache-control: no-cache

[DEBUG] Adding key: http://localhost:36722 for channel [id: 0xc6006600, L:/127.0.0.1:50733 - R:localhost/127.0.0.1:36722]
[DEBUG] Using pooled Channel '[id: 0xc6006600, L:/127.0.0.1:50733 - R:localhost/127.0.0.1:36722]' for 'POST' to 'http://localhost:36722/session/157a910c0f3cfa9d788aac89f8c82209/element/07105ab2-9aa0-4ce7-ba19-2b1f1a54b601/click'
[DEBUG] Using open Channel [id: 0xc6006600, L:/127.0.0.1:50733 - R:localhost/127.0.0.1:36722] for POST '/session/157a910c0f3cfa9d788aac89f8c82209/element/07105ab2-9aa0-4ce7-ba19-2b1f1a54b601/click'
[DEBUG] Entry count for : http://localhost:50734 : 1
[DEBUG] Entry count for : http://localhost:50734 : 1
[DEBUG] 

Request DefaultHttpRequest(decodeResult: success, version: HTTP/1.1)
POST /session/157a910c0f3cfa9d788aac89f8c82209/element/07105ab2-9aa0-4ce7-ba19-2b1f1a54b601/click HTTP/1.1
User-Agent: selenium/4.8.3 (java windows)
Content-Length: 50
Content-Type: application/json; charset=utf-8
host: localhost:36722
accept: */*

Response DefaultHttpResponse(decodeResult: success, version: HTTP/1.1)
HTTP/1.1 200 OK
Content-Length: 14
Content-Type: application/json; charset=utf-8
cache-control: no-cache

[DEBUG] Adding key: http://localhost:36722 for channel [id: 0xc6006600, L:/127.0.0.1:50733 - R:localhost/127.0.0.1:36722]
[INFO ] 2023-04-16 08:31:20.202 [main] StepDef - Clicked on login button
[DEBUG] Using pooled Channel '[id: 0xc6006600, L:/127.0.0.1:50733 - R:localhost/127.0.0.1:36722]' for 'GET' to 'http://localhost:36722/session/157a910c0f3cfa9d788aac89f8c82209/title'
[DEBUG] Using open Channel [id: 0xc6006600, L:/127.0.0.1:50733 - R:localhost/127.0.0.1:36722] for GET '/session/157a910c0f3cfa9d788aac89f8c82209/title'
[DEBUG] 

Request DefaultFullHttpRequest(decodeResult: success, version: HTTP/1.1, content: EmptyByteBufBE)
GET /session/157a910c0f3cfa9d788aac89f8c82209/title HTTP/1.1
User-Agent: selenium/4.8.3 (java windows)
Cache-Control: no-cache
Content-Type: application/json; charset=utf-8
host: localhost:36722
accept: */*

Response DefaultHttpResponse(decodeResult: success, version: HTTP/1.1)
HTTP/1.1 200 OK
Content-Length: 50
Content-Type: application/json; charset=utf-8
cache-control: no-cache

[DEBUG] Adding key: http://localhost:36722 for channel [id: 0xc6006600, L:/127.0.0.1:50733 - R:localhost/127.0.0.1:36722]
[INFO ] 2023-04-16 08:31:20.213 [main] StepDef - user can view dashboard test passed.
[DEBUG] Using pooled Channel '[id: 0xc6006600, L:/127.0.0.1:50733 - R:localhost/127.0.0.1:36722]' for 'POST' to 'http://localhost:36722/session/157a910c0f3cfa9d788aac89f8c82209/element'
[DEBUG] Using open Channel [id: 0xc6006600, L:/127.0.0.1:50733 - R:localhost/127.0.0.1:36722] for POST '/session/157a910c0f3cfa9d788aac89f8c82209/element'
[DEBUG] 

Request DefaultHttpRequest(decodeResult: success, version: HTTP/1.1)
POST /session/157a910c0f3cfa9d788aac89f8c82209/element HTTP/1.1
User-Agent: selenium/4.8.3 (java windows)
Content-Length: 104
Content-Type: application/json; charset=utf-8
host: localhost:36722
accept: */*

Response DefaultHttpResponse(decodeResult: success, version: HTTP/1.1)
HTTP/1.1 200 OK
Content-Length: 88
Content-Type: application/json; charset=utf-8
cache-control: no-cache

[DEBUG] Adding key: http://localhost:36722 for channel [id: 0xc6006600, L:/127.0.0.1:50733 - R:localhost/127.0.0.1:36722]
[DEBUG] Using pooled Channel '[id: 0xc6006600, L:/127.0.0.1:50733 - R:localhost/127.0.0.1:36722]' for 'POST' to 'http://localhost:36722/session/157a910c0f3cfa9d788aac89f8c82209/element/9dc6282c-fc05-4b32-a59f-576bdb259541/click'
[DEBUG] Using open Channel [id: 0xc6006600, L:/127.0.0.1:50733 - R:localhost/127.0.0.1:36722] for POST '/session/157a910c0f3cfa9d788aac89f8c82209/element/9dc6282c-fc05-4b32-a59f-576bdb259541/click'
[DEBUG] 

Request DefaultHttpRequest(decodeResult: success, version: HTTP/1.1)
POST /session/157a910c0f3cfa9d788aac89f8c82209/element/9dc6282c-fc05-4b32-a59f-576bdb259541/click HTTP/1.1
User-Agent: selenium/4.8.3 (java windows)
Content-Length: 50
Content-Type: application/json; charset=utf-8
host: localhost:36722
accept: */*

Response DefaultHttpResponse(decodeResult: success, version: HTTP/1.1)
HTTP/1.1 200 OK
Content-Length: 14
Content-Type: application/json; charset=utf-8
cache-control: no-cache

[DEBUG] Adding key: http://localhost:36722 for channel [id: 0xc6006600, L:/127.0.0.1:50733 - R:localhost/127.0.0.1:36722]
[INFO ] 2023-04-16 08:31:20.283 [main] StepDef - customer menu clicked
[DEBUG] Entry count for : http://localhost:50734 : 1
[DEBUG] Entry count for : http://localhost:36722 : 1
[DEBUG] Entry count for : http://localhost:50734 : 1
[DEBUG] Entry count for : http://localhost:36722 : 1
[DEBUG] Using pooled Channel '[id: 0xc6006600, L:/127.0.0.1:50733 - R:localhost/127.0.0.1:36722]' for 'POST' to 'http://localhost:36722/session/157a910c0f3cfa9d788aac89f8c82209/element'
[DEBUG] Using open Channel [id: 0xc6006600, L:/127.0.0.1:50733 - R:localhost/127.0.0.1:36722] for POST '/session/157a910c0f3cfa9d788aac89f8c82209/element'
[DEBUG] 

Request DefaultHttpRequest(decodeResult: success, version: HTTP/1.1)
POST /session/157a910c0f3cfa9d788aac89f8c82209/element HTTP/1.1
User-Agent: selenium/4.8.3 (java windows)
Content-Length: 138
Content-Type: application/json; charset=utf-8
host: localhost:36722
accept: */*

Response DefaultHttpResponse(decodeResult: success, version: HTTP/1.1)
HTTP/1.1 200 OK
Content-Length: 88
Content-Type: application/json; charset=utf-8
cache-control: no-cache

[DEBUG] Adding key: http://localhost:36722 for channel [id: 0xc6006600, L:/127.0.0.1:50733 - R:localhost/127.0.0.1:36722]
[DEBUG] Using pooled Channel '[id: 0xc6006600, L:/127.0.0.1:50733 - R:localhost/127.0.0.1:36722]' for 'POST' to 'http://localhost:36722/session/157a910c0f3cfa9d788aac89f8c82209/element/e794f580-eb81-4e7a-a801-b1bc6871050a/click'
[DEBUG] Using open Channel [id: 0xc6006600, L:/127.0.0.1:50733 - R:localhost/127.0.0.1:36722] for POST '/session/157a910c0f3cfa9d788aac89f8c82209/element/e794f580-eb81-4e7a-a801-b1bc6871050a/click'
[DEBUG] 

Request DefaultHttpRequest(decodeResult: success, version: HTTP/1.1)
POST /session/157a910c0f3cfa9d788aac89f8c82209/element/e794f580-eb81-4e7a-a801-b1bc6871050a/click HTTP/1.1
User-Agent: selenium/4.8.3 (java windows)
Content-Length: 50
Content-Type: application/json; charset=utf-8
host: localhost:36722
accept: */*

Response DefaultHttpResponse(decodeResult: success, version: HTTP/1.1)
HTTP/1.1 200 OK
Content-Length: 14
Content-Type: application/json; charset=utf-8
cache-control: no-cache

[DEBUG] Adding key: http://localhost:36722 for channel [id: 0xc6006600, L:/127.0.0.1:50733 - R:localhost/127.0.0.1:36722]
[INFO ] 2023-04-16 08:31:22.859 [main] StepDef - customer menu item clicked
[DEBUG] Entry count for : http://localhost:50734 : 1
[DEBUG] Entry count for : http://localhost:36722 : 1
[DEBUG] Entry count for : http://localhost:50734 : 1
[DEBUG] Entry count for : http://localhost:36722 : 1
[DEBUG] Using pooled Channel '[id: 0xc6006600, L:/127.0.0.1:50733 - R:localhost/127.0.0.1:36722]' for 'POST' to 'http://localhost:36722/session/157a910c0f3cfa9d788aac89f8c82209/element'
[DEBUG] Using open Channel [id: 0xc6006600, L:/127.0.0.1:50733 - R:localhost/127.0.0.1:36722] for POST '/session/157a910c0f3cfa9d788aac89f8c82209/element'
[DEBUG] 

Request DefaultHttpRequest(decodeResult: success, version: HTTP/1.1)
POST /session/157a910c0f3cfa9d788aac89f8c82209/element HTTP/1.1
User-Agent: selenium/4.8.3 (java windows)
Content-Length: 76
Content-Type: application/json; charset=utf-8
host: localhost:36722
accept: */*

Response DefaultHttpResponse(decodeResult: success, version: HTTP/1.1)
HTTP/1.1 200 OK
Content-Length: 88
Content-Type: application/json; charset=utf-8
cache-control: no-cache

[DEBUG] Adding key: http://localhost:36722 for channel [id: 0xc6006600, L:/127.0.0.1:50733 - R:localhost/127.0.0.1:36722]
[DEBUG] Using pooled Channel '[id: 0xc6006600, L:/127.0.0.1:50733 - R:localhost/127.0.0.1:36722]' for 'POST' to 'http://localhost:36722/session/157a910c0f3cfa9d788aac89f8c82209/element/285f1f07-1907-4d34-8a3b-c31796d08fd1/click'
[DEBUG] Using open Channel [id: 0xc6006600, L:/127.0.0.1:50733 - R:localhost/127.0.0.1:36722] for POST '/session/157a910c0f3cfa9d788aac89f8c82209/element/285f1f07-1907-4d34-8a3b-c31796d08fd1/click'
[DEBUG] Entry count for : http://localhost:50734 : 1
[DEBUG] 

Request DefaultHttpRequest(decodeResult: success, version: HTTP/1.1)
POST /session/157a910c0f3cfa9d788aac89f8c82209/element/285f1f07-1907-4d34-8a3b-c31796d08fd1/click HTTP/1.1
User-Agent: selenium/4.8.3 (java windows)
Content-Length: 50
Content-Type: application/json; charset=utf-8
host: localhost:36722
accept: */*

Response DefaultHttpResponse(decodeResult: success, version: HTTP/1.1)
HTTP/1.1 200 OK
Content-Length: 14
Content-Type: application/json; charset=utf-8
cache-control: no-cache

[DEBUG] Adding key: http://localhost:36722 for channel [id: 0xc6006600, L:/127.0.0.1:50733 - R:localhost/127.0.0.1:36722]
[INFO ] 2023-04-16 08:31:25.420 [main] StepDef - clicked on add new button.
[DEBUG] Using pooled Channel '[id: 0xc6006600, L:/127.0.0.1:50733 - R:localhost/127.0.0.1:36722]' for 'GET' to 'http://localhost:36722/session/157a910c0f3cfa9d788aac89f8c82209/title'
[DEBUG] Using open Channel [id: 0xc6006600, L:/127.0.0.1:50733 - R:localhost/127.0.0.1:36722] for GET '/session/157a910c0f3cfa9d788aac89f8c82209/title'
[DEBUG] 

Request DefaultFullHttpRequest(decodeResult: success, version: HTTP/1.1, content: EmptyByteBufBE)
GET /session/157a910c0f3cfa9d788aac89f8c82209/title HTTP/1.1
User-Agent: selenium/4.8.3 (java windows)
Cache-Control: no-cache
Content-Type: application/json; charset=utf-8
host: localhost:36722
accept: */*

Response DefaultHttpResponse(decodeResult: success, version: HTTP/1.1)
HTTP/1.1 200 OK
Content-Length: 59
Content-Type: application/json; charset=utf-8
cache-control: no-cache

[DEBUG] Adding key: http://localhost:36722 for channel [id: 0xc6006600, L:/127.0.0.1:50733 - R:localhost/127.0.0.1:36722]
[INFO ] 2023-04-16 08:31:25.427 [main] StepDef - User can view Add new customer page- passed
[DEBUG] Using pooled Channel '[id: 0xc6006600, L:/127.0.0.1:50733 - R:localhost/127.0.0.1:36722]' for 'POST' to 'http://localhost:36722/session/157a910c0f3cfa9d788aac89f8c82209/element'
[DEBUG] Using open Channel [id: 0xc6006600, L:/127.0.0.1:50733 - R:localhost/127.0.0.1:36722] for POST '/session/157a910c0f3cfa9d788aac89f8c82209/element'
[DEBUG] 

Request DefaultHttpRequest(decodeResult: success, version: HTTP/1.1)
POST /session/157a910c0f3cfa9d788aac89f8c82209/element HTTP/1.1
User-Agent: selenium/4.8.3 (java windows)
Content-Length: 67
Content-Type: application/json; charset=utf-8
host: localhost:36722
accept: */*

Response DefaultHttpResponse(decodeResult: success, version: HTTP/1.1)
HTTP/1.1 200 OK
Content-Length: 88
Content-Type: application/json; charset=utf-8
cache-control: no-cache

[DEBUG] Adding key: http://localhost:36722 for channel [id: 0xc6006600, L:/127.0.0.1:50733 - R:localhost/127.0.0.1:36722]
[DEBUG] Using pooled Channel '[id: 0xc6006600, L:/127.0.0.1:50733 - R:localhost/127.0.0.1:36722]' for 'POST' to 'http://localhost:36722/session/157a910c0f3cfa9d788aac89f8c82209/element/1c548fe3-d414-4a36-9458-2631d11cf69a/value'
[DEBUG] Using open Channel [id: 0xc6006600, L:/127.0.0.1:50733 - R:localhost/127.0.0.1:36722] for POST '/session/157a910c0f3cfa9d788aac89f8c82209/element/1c548fe3-d414-4a36-9458-2631d11cf69a/value'
[DEBUG] 

Request DefaultHttpRequest(decodeResult: success, version: HTTP/1.1)
POST /session/157a910c0f3cfa9d788aac89f8c82209/element/1c548fe3-d414-4a36-9458-2631d11cf69a/value HTTP/1.1
User-Agent: selenium/4.8.3 (java windows)
Content-Length: 261
Content-Type: application/json; charset=utf-8
host: localhost:36722
accept: */*

Response DefaultHttpResponse(decodeResult: success, version: HTTP/1.1)
HTTP/1.1 200 OK
Content-Length: 14
Content-Type: application/json; charset=utf-8
cache-control: no-cache

[DEBUG] Adding key: http://localhost:36722 for channel [id: 0xc6006600, L:/127.0.0.1:50733 - R:localhost/127.0.0.1:36722]
[DEBUG] Using pooled Channel '[id: 0xc6006600, L:/127.0.0.1:50733 - R:localhost/127.0.0.1:36722]' for 'POST' to 'http://localhost:36722/session/157a910c0f3cfa9d788aac89f8c82209/element'
[DEBUG] Using open Channel [id: 0xc6006600, L:/127.0.0.1:50733 - R:localhost/127.0.0.1:36722] for POST '/session/157a910c0f3cfa9d788aac89f8c82209/element'
[DEBUG] 

Request DefaultHttpRequest(decodeResult: success, version: HTTP/1.1)
POST /session/157a910c0f3cfa9d788aac89f8c82209/element HTTP/1.1
User-Agent: selenium/4.8.3 (java windows)
Content-Length: 70
Content-Type: application/json; charset=utf-8
host: localhost:36722
accept: */*

Response DefaultHttpResponse(decodeResult: success, version: HTTP/1.1)
HTTP/1.1 200 OK
Content-Length: 88
Content-Type: application/json; charset=utf-8
cache-control: no-cache

[DEBUG] Adding key: http://localhost:36722 for channel [id: 0xc6006600, L:/127.0.0.1:50733 - R:localhost/127.0.0.1:36722]
[DEBUG] Using pooled Channel '[id: 0xc6006600, L:/127.0.0.1:50733 - R:localhost/127.0.0.1:36722]' for 'POST' to 'http://localhost:36722/session/157a910c0f3cfa9d788aac89f8c82209/element/c14f4eb8-2a92-41f5-bdda-0136f89b0f3c/value'
[DEBUG] Using open Channel [id: 0xc6006600, L:/127.0.0.1:50733 - R:localhost/127.0.0.1:36722] for POST '/session/157a910c0f3cfa9d788aac89f8c82209/element/c14f4eb8-2a92-41f5-bdda-0136f89b0f3c/value'
[DEBUG] 

Request DefaultHttpRequest(decodeResult: success, version: HTTP/1.1)
POST /session/157a910c0f3cfa9d788aac89f8c82209/element/c14f4eb8-2a92-41f5-bdda-0136f89b0f3c/value HTTP/1.1
User-Agent: selenium/4.8.3 (java windows)
Content-Length: 131
Content-Type: application/json; charset=utf-8
host: localhost:36722
accept: */*

Response DefaultHttpResponse(decodeResult: success, version: HTTP/1.1)
HTTP/1.1 200 OK
Content-Length: 14
Content-Type: application/json; charset=utf-8
cache-control: no-cache

[DEBUG] Adding key: http://localhost:36722 for channel [id: 0xc6006600, L:/127.0.0.1:50733 - R:localhost/127.0.0.1:36722]
[DEBUG] Using pooled Channel '[id: 0xc6006600, L:/127.0.0.1:50733 - R:localhost/127.0.0.1:36722]' for 'POST' to 'http://localhost:36722/session/157a910c0f3cfa9d788aac89f8c82209/element'
[DEBUG] Using open Channel [id: 0xc6006600, L:/127.0.0.1:50733 - R:localhost/127.0.0.1:36722] for POST '/session/157a910c0f3cfa9d788aac89f8c82209/element'
[DEBUG] 

Request DefaultHttpRequest(decodeResult: success, version: HTTP/1.1)
POST /session/157a910c0f3cfa9d788aac89f8c82209/element HTTP/1.1
User-Agent: selenium/4.8.3 (java windows)
Content-Length: 71
Content-Type: application/json; charset=utf-8
host: localhost:36722
accept: */*

Response DefaultHttpResponse(decodeResult: success, version: HTTP/1.1)
HTTP/1.1 200 OK
Content-Length: 88
Content-Type: application/json; charset=utf-8
cache-control: no-cache

[DEBUG] Adding key: http://localhost:36722 for channel [id: 0xc6006600, L:/127.0.0.1:50733 - R:localhost/127.0.0.1:36722]
[DEBUG] Using pooled Channel '[id: 0xc6006600, L:/127.0.0.1:50733 - R:localhost/127.0.0.1:36722]' for 'POST' to 'http://localhost:36722/session/157a910c0f3cfa9d788aac89f8c82209/element/54961c82-718e-4d03-a101-4d87688ec615/value'
[DEBUG] Using open Channel [id: 0xc6006600, L:/127.0.0.1:50733 - R:localhost/127.0.0.1:36722] for POST '/session/157a910c0f3cfa9d788aac89f8c82209/element/54961c82-718e-4d03-a101-4d87688ec615/value'
[DEBUG] 

Request DefaultHttpRequest(decodeResult: success, version: HTTP/1.1)
POST /session/157a910c0f3cfa9d788aac89f8c82209/element/54961c82-718e-4d03-a101-4d87688ec615/value HTTP/1.1
User-Agent: selenium/4.8.3 (java windows)
Content-Length: 141
Content-Type: application/json; charset=utf-8
host: localhost:36722
accept: */*

Response DefaultHttpResponse(decodeResult: success, version: HTTP/1.1)
HTTP/1.1 200 OK
Content-Length: 14
Content-Type: application/json; charset=utf-8
cache-control: no-cache

[DEBUG] Adding key: http://localhost:36722 for channel [id: 0xc6006600, L:/127.0.0.1:50733 - R:localhost/127.0.0.1:36722]
[DEBUG] Using pooled Channel '[id: 0xc6006600, L:/127.0.0.1:50733 - R:localhost/127.0.0.1:36722]' for 'POST' to 'http://localhost:36722/session/157a910c0f3cfa9d788aac89f8c82209/element'
[DEBUG] Using open Channel [id: 0xc6006600, L:/127.0.0.1:50733 - R:localhost/127.0.0.1:36722] for POST '/session/157a910c0f3cfa9d788aac89f8c82209/element'
[DEBUG] 

Request DefaultHttpRequest(decodeResult: success, version: HTTP/1.1)
POST /session/157a910c0f3cfa9d788aac89f8c82209/element HTTP/1.1
User-Agent: selenium/4.8.3 (java windows)
Content-Length: 70
Content-Type: application/json; charset=utf-8
host: localhost:36722
accept: */*

Response DefaultHttpResponse(decodeResult: success, version: HTTP/1.1)
HTTP/1.1 200 OK
Content-Length: 88
Content-Type: application/json; charset=utf-8
cache-control: no-cache

[DEBUG] Adding key: http://localhost:36722 for channel [id: 0xc6006600, L:/127.0.0.1:50733 - R:localhost/127.0.0.1:36722]
[DEBUG] Using pooled Channel '[id: 0xc6006600, L:/127.0.0.1:50733 - R:localhost/127.0.0.1:36722]' for 'POST' to 'http://localhost:36722/session/157a910c0f3cfa9d788aac89f8c82209/element/22019c97-b914-4b7f-94d8-1c0736266866/value'
[DEBUG] Using open Channel [id: 0xc6006600, L:/127.0.0.1:50733 - R:localhost/127.0.0.1:36722] for POST '/session/157a910c0f3cfa9d788aac89f8c82209/element/22019c97-b914-4b7f-94d8-1c0736266866/value'
[DEBUG] 

Request DefaultHttpRequest(decodeResult: success, version: HTTP/1.1)
POST /session/157a910c0f3cfa9d788aac89f8c82209/element/22019c97-b914-4b7f-94d8-1c0736266866/value HTTP/1.1
User-Agent: selenium/4.8.3 (java windows)
Content-Length: 131
Content-Type: application/json; charset=utf-8
host: localhost:36722
accept: */*

Response DefaultHttpResponse(decodeResult: success, version: HTTP/1.1)
HTTP/1.1 200 OK
Content-Length: 14
Content-Type: application/json; charset=utf-8
cache-control: no-cache

[DEBUG] Adding key: http://localhost:36722 for channel [id: 0xc6006600, L:/127.0.0.1:50733 - R:localhost/127.0.0.1:36722]
[DEBUG] Using pooled Channel '[id: 0xc6006600, L:/127.0.0.1:50733 - R:localhost/127.0.0.1:36722]' for 'POST' to 'http://localhost:36722/session/157a910c0f3cfa9d788aac89f8c82209/element'
[DEBUG] Using open Channel [id: 0xc6006600, L:/127.0.0.1:50733 - R:localhost/127.0.0.1:36722] for POST '/session/157a910c0f3cfa9d788aac89f8c82209/element'
[DEBUG] 

Request DefaultHttpRequest(decodeResult: success, version: HTTP/1.1)
POST /session/157a910c0f3cfa9d788aac89f8c82209/element HTTP/1.1
User-Agent: selenium/4.8.3 (java windows)
Content-Length: 58
Content-Type: application/json; charset=utf-8
host: localhost:36722
accept: */*

Response DefaultHttpResponse(decodeResult: success, version: HTTP/1.1)
HTTP/1.1 200 OK
Content-Length: 88
Content-Type: application/json; charset=utf-8
cache-control: no-cache

[DEBUG] Adding key: http://localhost:36722 for channel [id: 0xc6006600, L:/127.0.0.1:50733 - R:localhost/127.0.0.1:36722]
[DEBUG] Using pooled Channel '[id: 0xc6006600, L:/127.0.0.1:50733 - R:localhost/127.0.0.1:36722]' for 'POST' to 'http://localhost:36722/session/157a910c0f3cfa9d788aac89f8c82209/element/35f50dd4-5eb1-47ea-bce3-ff2a2b76e3fa/click'
[DEBUG] Using open Channel [id: 0xc6006600, L:/127.0.0.1:50733 - R:localhost/127.0.0.1:36722] for POST '/session/157a910c0f3cfa9d788aac89f8c82209/element/35f50dd4-5eb1-47ea-bce3-ff2a2b76e3fa/click'
[DEBUG] 

Request DefaultHttpRequest(decodeResult: success, version: HTTP/1.1)
POST /session/157a910c0f3cfa9d788aac89f8c82209/element/35f50dd4-5eb1-47ea-bce3-ff2a2b76e3fa/click HTTP/1.1
User-Agent: selenium/4.8.3 (java windows)
Content-Length: 50
Content-Type: application/json; charset=utf-8
host: localhost:36722
accept: */*

Response DefaultHttpResponse(decodeResult: success, version: HTTP/1.1)
HTTP/1.1 200 OK
Content-Length: 14
Content-Type: application/json; charset=utf-8
cache-control: no-cache

[DEBUG] Adding key: http://localhost:36722 for channel [id: 0xc6006600, L:/127.0.0.1:50733 - R:localhost/127.0.0.1:36722]
[DEBUG] Using pooled Channel '[id: 0xc6006600, L:/127.0.0.1:50733 - R:localhost/127.0.0.1:36722]' for 'POST' to 'http://localhost:36722/session/157a910c0f3cfa9d788aac89f8c82209/element'
[DEBUG] Using open Channel [id: 0xc6006600, L:/127.0.0.1:50733 - R:localhost/127.0.0.1:36722] for POST '/session/157a910c0f3cfa9d788aac89f8c82209/element'
[DEBUG] 

Request DefaultHttpRequest(decodeResult: success, version: HTTP/1.1)
POST /session/157a910c0f3cfa9d788aac89f8c82209/element HTTP/1.1
User-Agent: selenium/4.8.3 (java windows)
Content-Length: 73
Content-Type: application/json; charset=utf-8
host: localhost:36722
accept: */*

Response DefaultHttpResponse(decodeResult: success, version: HTTP/1.1)
HTTP/1.1 200 OK
Content-Length: 88
Content-Type: application/json; charset=utf-8
cache-control: no-cache

[DEBUG] Adding key: http://localhost:36722 for channel [id: 0xc6006600, L:/127.0.0.1:50733 - R:localhost/127.0.0.1:36722]
[DEBUG] Using pooled Channel '[id: 0xc6006600, L:/127.0.0.1:50733 - R:localhost/127.0.0.1:36722]' for 'POST' to 'http://localhost:36722/session/157a910c0f3cfa9d788aac89f8c82209/element/9208530c-c7ba-42c9-89e1-ae21b4d44450/value'
[DEBUG] Using open Channel [id: 0xc6006600, L:/127.0.0.1:50733 - R:localhost/127.0.0.1:36722] for POST '/session/157a910c0f3cfa9d788aac89f8c82209/element/9208530c-c7ba-42c9-89e1-ae21b4d44450/value'
[DEBUG] 

Request DefaultHttpRequest(decodeResult: success, version: HTTP/1.1)
POST /session/157a910c0f3cfa9d788aac89f8c82209/element/9208530c-c7ba-42c9-89e1-ae21b4d44450/value HTTP/1.1
User-Agent: selenium/4.8.3 (java windows)
Content-Length: 191
Content-Type: application/json; charset=utf-8
host: localhost:36722
accept: */*

Response DefaultHttpResponse(decodeResult: success, version: HTTP/1.1)
HTTP/1.1 200 OK
Content-Length: 14
Content-Type: application/json; charset=utf-8
cache-control: no-cache

[DEBUG] Adding key: http://localhost:36722 for channel [id: 0xc6006600, L:/127.0.0.1:50733 - R:localhost/127.0.0.1:36722]
[DEBUG] Using pooled Channel '[id: 0xc6006600, L:/127.0.0.1:50733 - R:localhost/127.0.0.1:36722]' for 'POST' to 'http://localhost:36722/session/157a910c0f3cfa9d788aac89f8c82209/element'
[DEBUG] Using open Channel [id: 0xc6006600, L:/127.0.0.1:50733 - R:localhost/127.0.0.1:36722] for POST '/session/157a910c0f3cfa9d788aac89f8c82209/element'
[DEBUG] 

Request DefaultHttpRequest(decodeResult: success, version: HTTP/1.1)
POST /session/157a910c0f3cfa9d788aac89f8c82209/element HTTP/1.1
User-Agent: selenium/4.8.3 (java windows)
Content-Length: 69
Content-Type: application/json; charset=utf-8
host: localhost:36722
accept: */*

Response DefaultHttpResponse(decodeResult: success, version: HTTP/1.1)
HTTP/1.1 200 OK
Content-Length: 88
Content-Type: application/json; charset=utf-8
cache-control: no-cache

[DEBUG] Adding key: http://localhost:36722 for channel [id: 0xc6006600, L:/127.0.0.1:50733 - R:localhost/127.0.0.1:36722]
[DEBUG] Using pooled Channel '[id: 0xc6006600, L:/127.0.0.1:50733 - R:localhost/127.0.0.1:36722]' for 'POST' to 'http://localhost:36722/session/157a910c0f3cfa9d788aac89f8c82209/element/5526873a-03b6-4384-a3bb-2154643c0067/value'
[DEBUG] Using open Channel [id: 0xc6006600, L:/127.0.0.1:50733 - R:localhost/127.0.0.1:36722] for POST '/session/157a910c0f3cfa9d788aac89f8c82209/element/5526873a-03b6-4384-a3bb-2154643c0067/value'
[DEBUG] 

Request DefaultHttpRequest(decodeResult: success, version: HTTP/1.1)
POST /session/157a910c0f3cfa9d788aac89f8c82209/element/5526873a-03b6-4384-a3bb-2154643c0067/value HTTP/1.1
User-Agent: selenium/4.8.3 (java windows)
Content-Length: 181
Content-Type: application/json; charset=utf-8
host: localhost:36722
accept: */*

Response DefaultHttpResponse(decodeResult: success, version: HTTP/1.1)
HTTP/1.1 200 OK
Content-Length: 14
Content-Type: application/json; charset=utf-8
cache-control: no-cache

[DEBUG] Adding key: http://localhost:36722 for channel [id: 0xc6006600, L:/127.0.0.1:50733 - R:localhost/127.0.0.1:36722]
[DEBUG] Using pooled Channel '[id: 0xc6006600, L:/127.0.0.1:50733 - R:localhost/127.0.0.1:36722]' for 'POST' to 'http://localhost:36722/session/157a910c0f3cfa9d788aac89f8c82209/element'
[DEBUG] Using open Channel [id: 0xc6006600, L:/127.0.0.1:50733 - R:localhost/127.0.0.1:36722] for POST '/session/157a910c0f3cfa9d788aac89f8c82209/element'
[DEBUG] 

Request DefaultHttpRequest(decodeResult: success, version: HTTP/1.1)
POST /session/157a910c0f3cfa9d788aac89f8c82209/element HTTP/1.1
User-Agent: selenium/4.8.3 (java windows)
Content-Length: 77
Content-Type: application/json; charset=utf-8
host: localhost:36722
accept: */*

Response DefaultHttpResponse(decodeResult: success, version: HTTP/1.1)
HTTP/1.1 200 OK
Content-Length: 88
Content-Type: application/json; charset=utf-8
cache-control: no-cache

[DEBUG] Adding key: http://localhost:36722 for channel [id: 0xc6006600, L:/127.0.0.1:50733 - R:localhost/127.0.0.1:36722]
[DEBUG] Using pooled Channel '[id: 0xc6006600, L:/127.0.0.1:50733 - R:localhost/127.0.0.1:36722]' for 'POST' to 'http://localhost:36722/session/157a910c0f3cfa9d788aac89f8c82209/element/f73e8f91-2fc4-4fc3-ba91-f34186f8644c/value'
[DEBUG] Using open Channel [id: 0xc6006600, L:/127.0.0.1:50733 - R:localhost/127.0.0.1:36722] for POST '/session/157a910c0f3cfa9d788aac89f8c82209/element/f73e8f91-2fc4-4fc3-ba91-f34186f8644c/value'
[DEBUG] 

Request DefaultHttpRequest(decodeResult: success, version: HTTP/1.1)
POST /session/157a910c0f3cfa9d788aac89f8c82209/element/f73e8f91-2fc4-4fc3-ba91-f34186f8644c/value HTTP/1.1
User-Agent: selenium/4.8.3 (java windows)
Content-Length: 211
Content-Type: application/json; charset=utf-8
host: localhost:36722
accept: */*

Response DefaultHttpResponse(decodeResult: success, version: HTTP/1.1)
HTTP/1.1 200 OK
Content-Length: 14
Content-Type: application/json; charset=utf-8
cache-control: no-cache

[DEBUG] Adding key: http://localhost:36722 for channel [id: 0xc6006600, L:/127.0.0.1:50733 - R:localhost/127.0.0.1:36722]
[DEBUG] Using pooled Channel '[id: 0xc6006600, L:/127.0.0.1:50733 - R:localhost/127.0.0.1:36722]' for 'POST' to 'http://localhost:36722/session/157a910c0f3cfa9d788aac89f8c82209/element'
[DEBUG] Using open Channel [id: 0xc6006600, L:/127.0.0.1:50733 - R:localhost/127.0.0.1:36722] for POST '/session/157a910c0f3cfa9d788aac89f8c82209/element'
[DEBUG] 

Request DefaultHttpRequest(decodeResult: success, version: HTTP/1.1)
POST /session/157a910c0f3cfa9d788aac89f8c82209/element HTTP/1.1
User-Agent: selenium/4.8.3 (java windows)
Content-Length: 66
Content-Type: application/json; charset=utf-8
host: localhost:36722
accept: */*

Response DefaultHttpResponse(decodeResult: success, version: HTTP/1.1)
HTTP/1.1 200 OK
Content-Length: 88
Content-Type: application/json; charset=utf-8
cache-control: no-cache

[DEBUG] Adding key: http://localhost:36722 for channel [id: 0xc6006600, L:/127.0.0.1:50733 - R:localhost/127.0.0.1:36722]
[DEBUG] Using pooled Channel '[id: 0xc6006600, L:/127.0.0.1:50733 - R:localhost/127.0.0.1:36722]' for 'GET' to 'http://localhost:36722/session/157a910c0f3cfa9d788aac89f8c82209/element/49c62de8-47c0-43d0-8d3f-5ae37b57f0aa/name'
[DEBUG] Using open Channel [id: 0xc6006600, L:/127.0.0.1:50733 - R:localhost/127.0.0.1:36722] for GET '/session/157a910c0f3cfa9d788aac89f8c82209/element/49c62de8-47c0-43d0-8d3f-5ae37b57f0aa/name'
[DEBUG] 

Request DefaultFullHttpRequest(decodeResult: success, version: HTTP/1.1, content: EmptyByteBufBE)
GET /session/157a910c0f3cfa9d788aac89f8c82209/element/49c62de8-47c0-43d0-8d3f-5ae37b57f0aa/name HTTP/1.1
User-Agent: selenium/4.8.3 (java windows)
Cache-Control: no-cache
Content-Type: application/json; charset=utf-8
host: localhost:36722
accept: */*

Response DefaultHttpResponse(decodeResult: success, version: HTTP/1.1)
HTTP/1.1 200 OK
Content-Length: 18
Content-Type: application/json; charset=utf-8
cache-control: no-cache

[DEBUG] Adding key: http://localhost:36722 for channel [id: 0xc6006600, L:/127.0.0.1:50733 - R:localhost/127.0.0.1:36722]
[DEBUG] Using pooled Channel '[id: 0xc6006600, L:/127.0.0.1:50733 - R:localhost/127.0.0.1:36722]' for 'POST' to 'http://localhost:36722/session/157a910c0f3cfa9d788aac89f8c82209/element'
[DEBUG] Using open Channel [id: 0xc6006600, L:/127.0.0.1:50733 - R:localhost/127.0.0.1:36722] for POST '/session/157a910c0f3cfa9d788aac89f8c82209/element'
[DEBUG] 

Request DefaultHttpRequest(decodeResult: success, version: HTTP/1.1)
POST /session/157a910c0f3cfa9d788aac89f8c82209/element HTTP/1.1
User-Agent: selenium/4.8.3 (java windows)
Content-Length: 66
Content-Type: application/json; charset=utf-8
host: localhost:36722
accept: */*

Response DefaultHttpResponse(decodeResult: success, version: HTTP/1.1)
HTTP/1.1 200 OK
Content-Length: 88
Content-Type: application/json; charset=utf-8
cache-control: no-cache

[DEBUG] Adding key: http://localhost:36722 for channel [id: 0xc6006600, L:/127.0.0.1:50733 - R:localhost/127.0.0.1:36722]
[DEBUG] Using pooled Channel '[id: 0xc6006600, L:/127.0.0.1:50733 - R:localhost/127.0.0.1:36722]' for 'GET' to 'http://localhost:36722/session/157a910c0f3cfa9d788aac89f8c82209/element/49c62de8-47c0-43d0-8d3f-5ae37b57f0aa/attribute/multiple'
[DEBUG] Using open Channel [id: 0xc6006600, L:/127.0.0.1:50733 - R:localhost/127.0.0.1:36722] for GET '/session/157a910c0f3cfa9d788aac89f8c82209/element/49c62de8-47c0-43d0-8d3f-5ae37b57f0aa/attribute/multiple'
[DEBUG] 

Request DefaultFullHttpRequest(decodeResult: success, version: HTTP/1.1, content: EmptyByteBufBE)
GET /session/157a910c0f3cfa9d788aac89f8c82209/element/49c62de8-47c0-43d0-8d3f-5ae37b57f0aa/attribute/multiple HTTP/1.1
User-Agent: selenium/4.8.3 (java windows)
Cache-Control: no-cache
Content-Type: application/json; charset=utf-8
host: localhost:36722
accept: */*

Response DefaultHttpResponse(decodeResult: success, version: HTTP/1.1)
HTTP/1.1 200 OK
Content-Length: 14
Content-Type: application/json; charset=utf-8
cache-control: no-cache

[DEBUG] Adding key: http://localhost:36722 for channel [id: 0xc6006600, L:/127.0.0.1:50733 - R:localhost/127.0.0.1:36722]
[DEBUG] Using pooled Channel '[id: 0xc6006600, L:/127.0.0.1:50733 - R:localhost/127.0.0.1:36722]' for 'POST' to 'http://localhost:36722/session/157a910c0f3cfa9d788aac89f8c82209/element'
[DEBUG] Using open Channel [id: 0xc6006600, L:/127.0.0.1:50733 - R:localhost/127.0.0.1:36722] for POST '/session/157a910c0f3cfa9d788aac89f8c82209/element'
[DEBUG] 

Request DefaultHttpRequest(decodeResult: success, version: HTTP/1.1)
POST /session/157a910c0f3cfa9d788aac89f8c82209/element HTTP/1.1
User-Agent: selenium/4.8.3 (java windows)
Content-Length: 66
Content-Type: application/json; charset=utf-8
host: localhost:36722
accept: */*

Response DefaultHttpResponse(decodeResult: success, version: HTTP/1.1)
HTTP/1.1 200 OK
Content-Length: 88
Content-Type: application/json; charset=utf-8
cache-control: no-cache

[DEBUG] Adding key: http://localhost:36722 for channel [id: 0xc6006600, L:/127.0.0.1:50733 - R:localhost/127.0.0.1:36722]
[DEBUG] Using pooled Channel '[id: 0xc6006600, L:/127.0.0.1:50733 - R:localhost/127.0.0.1:36722]' for 'GET' to 'http://localhost:36722/session/157a910c0f3cfa9d788aac89f8c82209/element/49c62de8-47c0-43d0-8d3f-5ae37b57f0aa/enabled'
[DEBUG] Using open Channel [id: 0xc6006600, L:/127.0.0.1:50733 - R:localhost/127.0.0.1:36722] for GET '/session/157a910c0f3cfa9d788aac89f8c82209/element/49c62de8-47c0-43d0-8d3f-5ae37b57f0aa/enabled'
[DEBUG] 

Request DefaultFullHttpRequest(decodeResult: success, version: HTTP/1.1, content: EmptyByteBufBE)
GET /session/157a910c0f3cfa9d788aac89f8c82209/element/49c62de8-47c0-43d0-8d3f-5ae37b57f0aa/enabled HTTP/1.1
User-Agent: selenium/4.8.3 (java windows)
Cache-Control: no-cache
Content-Type: application/json; charset=utf-8
host: localhost:36722
accept: */*

Response DefaultHttpResponse(decodeResult: success, version: HTTP/1.1)
HTTP/1.1 200 OK
Content-Length: 14
Content-Type: application/json; charset=utf-8
cache-control: no-cache

[DEBUG] Adding key: http://localhost:36722 for channel [id: 0xc6006600, L:/127.0.0.1:50733 - R:localhost/127.0.0.1:36722]
[DEBUG] Using pooled Channel '[id: 0xc6006600, L:/127.0.0.1:50733 - R:localhost/127.0.0.1:36722]' for 'POST' to 'http://localhost:36722/session/157a910c0f3cfa9d788aac89f8c82209/element'
[DEBUG] Using open Channel [id: 0xc6006600, L:/127.0.0.1:50733 - R:localhost/127.0.0.1:36722] for POST '/session/157a910c0f3cfa9d788aac89f8c82209/element'
[DEBUG] 

Request DefaultHttpRequest(decodeResult: success, version: HTTP/1.1)
POST /session/157a910c0f3cfa9d788aac89f8c82209/element HTTP/1.1
User-Agent: selenium/4.8.3 (java windows)
Content-Length: 66
Content-Type: application/json; charset=utf-8
host: localhost:36722
accept: */*

Response DefaultHttpResponse(decodeResult: success, version: HTTP/1.1)
HTTP/1.1 200 OK
Content-Length: 88
Content-Type: application/json; charset=utf-8
cache-control: no-cache

[DEBUG] Adding key: http://localhost:36722 for channel [id: 0xc6006600, L:/127.0.0.1:50733 - R:localhost/127.0.0.1:36722]
[DEBUG] Using pooled Channel '[id: 0xc6006600, L:/127.0.0.1:50733 - R:localhost/127.0.0.1:36722]' for 'POST' to 'http://localhost:36722/session/157a910c0f3cfa9d788aac89f8c82209/element/49c62de8-47c0-43d0-8d3f-5ae37b57f0aa/elements'
[DEBUG] Using open Channel [id: 0xc6006600, L:/127.0.0.1:50733 - R:localhost/127.0.0.1:36722] for POST '/session/157a910c0f3cfa9d788aac89f8c82209/element/49c62de8-47c0-43d0-8d3f-5ae37b57f0aa/elements'
[DEBUG] 

Request DefaultHttpRequest(decodeResult: success, version: HTTP/1.1)
POST /session/157a910c0f3cfa9d788aac89f8c82209/element/49c62de8-47c0-43d0-8d3f-5ae37b57f0aa/elements HTTP/1.1
User-Agent: selenium/4.8.3 (java windows)
Content-Length: 139
Content-Type: application/json; charset=utf-8
host: localhost:36722
accept: */*

Response DefaultHttpResponse(decodeResult: success, version: HTTP/1.1)
HTTP/1.1 200 OK
Content-Length: 90
Content-Type: application/json; charset=utf-8
cache-control: no-cache

[DEBUG] Adding key: http://localhost:36722 for channel [id: 0xc6006600, L:/127.0.0.1:50733 - R:localhost/127.0.0.1:36722]
[DEBUG] Using pooled Channel '[id: 0xc6006600, L:/127.0.0.1:50733 - R:localhost/127.0.0.1:36722]' for 'GET' to 'http://localhost:36722/session/157a910c0f3cfa9d788aac89f8c82209/element/f4111f29-d749-4039-ae9b-433a7ae1591e/enabled'
[DEBUG] Using open Channel [id: 0xc6006600, L:/127.0.0.1:50733 - R:localhost/127.0.0.1:36722] for GET '/session/157a910c0f3cfa9d788aac89f8c82209/element/f4111f29-d749-4039-ae9b-433a7ae1591e/enabled'
[DEBUG] 

Request DefaultFullHttpRequest(decodeResult: success, version: HTTP/1.1, content: EmptyByteBufBE)
GET /session/157a910c0f3cfa9d788aac89f8c82209/element/f4111f29-d749-4039-ae9b-433a7ae1591e/enabled HTTP/1.1
User-Agent: selenium/4.8.3 (java windows)
Cache-Control: no-cache
Content-Type: application/json; charset=utf-8
host: localhost:36722
accept: */*

Response DefaultHttpResponse(decodeResult: success, version: HTTP/1.1)
HTTP/1.1 200 OK
Content-Length: 14
Content-Type: application/json; charset=utf-8
cache-control: no-cache

[DEBUG] Adding key: http://localhost:36722 for channel [id: 0xc6006600, L:/127.0.0.1:50733 - R:localhost/127.0.0.1:36722]
[DEBUG] Using pooled Channel '[id: 0xc6006600, L:/127.0.0.1:50733 - R:localhost/127.0.0.1:36722]' for 'GET' to 'http://localhost:36722/session/157a910c0f3cfa9d788aac89f8c82209/element/f4111f29-d749-4039-ae9b-433a7ae1591e/selected'
[DEBUG] Using open Channel [id: 0xc6006600, L:/127.0.0.1:50733 - R:localhost/127.0.0.1:36722] for GET '/session/157a910c0f3cfa9d788aac89f8c82209/element/f4111f29-d749-4039-ae9b-433a7ae1591e/selected'
[DEBUG] 

Request DefaultFullHttpRequest(decodeResult: success, version: HTTP/1.1, content: EmptyByteBufBE)
GET /session/157a910c0f3cfa9d788aac89f8c82209/element/f4111f29-d749-4039-ae9b-433a7ae1591e/selected HTTP/1.1
User-Agent: selenium/4.8.3 (java windows)
Cache-Control: no-cache
Content-Type: application/json; charset=utf-8
host: localhost:36722
accept: */*

Response DefaultHttpResponse(decodeResult: success, version: HTTP/1.1)
HTTP/1.1 200 OK
Content-Length: 15
Content-Type: application/json; charset=utf-8
cache-control: no-cache

[DEBUG] Adding key: http://localhost:36722 for channel [id: 0xc6006600, L:/127.0.0.1:50733 - R:localhost/127.0.0.1:36722]
[DEBUG] Using pooled Channel '[id: 0xc6006600, L:/127.0.0.1:50733 - R:localhost/127.0.0.1:36722]' for 'POST' to 'http://localhost:36722/session/157a910c0f3cfa9d788aac89f8c82209/element/f4111f29-d749-4039-ae9b-433a7ae1591e/click'
[DEBUG] Using open Channel [id: 0xc6006600, L:/127.0.0.1:50733 - R:localhost/127.0.0.1:36722] for POST '/session/157a910c0f3cfa9d788aac89f8c82209/element/f4111f29-d749-4039-ae9b-433a7ae1591e/click'
[DEBUG] 

Request DefaultHttpRequest(decodeResult: success, version: HTTP/1.1)
POST /session/157a910c0f3cfa9d788aac89f8c82209/element/f4111f29-d749-4039-ae9b-433a7ae1591e/click HTTP/1.1
User-Agent: selenium/4.8.3 (java windows)
Content-Length: 50
Content-Type: application/json; charset=utf-8
host: localhost:36722
accept: */*

Response DefaultHttpResponse(decodeResult: success, version: HTTP/1.1)
HTTP/1.1 200 OK
Content-Length: 14
Content-Type: application/json; charset=utf-8
cache-control: no-cache

[DEBUG] Adding key: http://localhost:36722 for channel [id: 0xc6006600, L:/127.0.0.1:50733 - R:localhost/127.0.0.1:36722]
[INFO ] 2023-04-16 08:31:25.903 [main] StepDef - customer information entered
[DEBUG] Using pooled Channel '[id: 0xc6006600, L:/127.0.0.1:50733 - R:localhost/127.0.0.1:36722]' for 'POST' to 'http://localhost:36722/session/157a910c0f3cfa9d788aac89f8c82209/element'
[DEBUG] Using open Channel [id: 0xc6006600, L:/127.0.0.1:50733 - R:localhost/127.0.0.1:36722] for POST '/session/157a910c0f3cfa9d788aac89f8c82209/element'
[DEBUG] 

Request DefaultHttpRequest(decodeResult: success, version: HTTP/1.1)
POST /session/157a910c0f3cfa9d788aac89f8c82209/element HTTP/1.1
User-Agent: selenium/4.8.3 (java windows)
Content-Length: 69
Content-Type: application/json; charset=utf-8
host: localhost:36722
accept: */*

Response DefaultHttpResponse(decodeResult: success, version: HTTP/1.1)
HTTP/1.1 200 OK
Content-Length: 88
Content-Type: application/json; charset=utf-8
cache-control: no-cache

[DEBUG] Adding key: http://localhost:36722 for channel [id: 0xc6006600, L:/127.0.0.1:50733 - R:localhost/127.0.0.1:36722]
[DEBUG] Using pooled Channel '[id: 0xc6006600, L:/127.0.0.1:50733 - R:localhost/127.0.0.1:36722]' for 'POST' to 'http://localhost:36722/session/157a910c0f3cfa9d788aac89f8c82209/element/e85bea37-ae89-4823-a552-47b43427b00e/click'
[DEBUG] Using open Channel [id: 0xc6006600, L:/127.0.0.1:50733 - R:localhost/127.0.0.1:36722] for POST '/session/157a910c0f3cfa9d788aac89f8c82209/element/e85bea37-ae89-4823-a552-47b43427b00e/click'
[DEBUG] Entry count for : http://localhost:50734 : 1
[DEBUG] 

Request DefaultHttpRequest(decodeResult: success, version: HTTP/1.1)
POST /session/157a910c0f3cfa9d788aac89f8c82209/element/e85bea37-ae89-4823-a552-47b43427b00e/click HTTP/1.1
User-Agent: selenium/4.8.3 (java windows)
Content-Length: 50
Content-Type: application/json; charset=utf-8
host: localhost:36722
accept: */*

Response DefaultHttpResponse(decodeResult: success, version: HTTP/1.1)
HTTP/1.1 200 OK
Content-Length: 14
Content-Type: application/json; charset=utf-8
cache-control: no-cache

[DEBUG] Adding key: http://localhost:36722 for channel [id: 0xc6006600, L:/127.0.0.1:50733 - R:localhost/127.0.0.1:36722]
[INFO ] 2023-04-16 08:31:26.571 [main] StepDef - clicked on save button
[DEBUG] Using pooled Channel '[id: 0xc6006600, L:/127.0.0.1:50733 - R:localhost/127.0.0.1:36722]' for 'POST' to 'http://localhost:36722/session/157a910c0f3cfa9d788aac89f8c82209/element'
[DEBUG] Using open Channel [id: 0xc6006600, L:/127.0.0.1:50733 - R:localhost/127.0.0.1:36722] for POST '/session/157a910c0f3cfa9d788aac89f8c82209/element'
[DEBUG] 

Request DefaultHttpRequest(decodeResult: success, version: HTTP/1.1)
POST /session/157a910c0f3cfa9d788aac89f8c82209/element HTTP/1.1
User-Agent: selenium/4.8.3 (java windows)
Content-Length: 44
Content-Type: application/json; charset=utf-8
host: localhost:36722
accept: */*

Response DefaultHttpResponse(decodeResult: success, version: HTTP/1.1)
HTTP/1.1 200 OK
Content-Length: 88
Content-Type: application/json; charset=utf-8
cache-control: no-cache

[DEBUG] Adding key: http://localhost:36722 for channel [id: 0xc6006600, L:/127.0.0.1:50733 - R:localhost/127.0.0.1:36722]
[DEBUG] Using pooled Channel '[id: 0xc6006600, L:/127.0.0.1:50733 - R:localhost/127.0.0.1:36722]' for 'GET' to 'http://localhost:36722/session/157a910c0f3cfa9d788aac89f8c82209/element/cb3d77b4-e407-4f0d-a46c-1483eed534c9/text'
[DEBUG] Using open Channel [id: 0xc6006600, L:/127.0.0.1:50733 - R:localhost/127.0.0.1:36722] for GET '/session/157a910c0f3cfa9d788aac89f8c82209/element/cb3d77b4-e407-4f0d-a46c-1483eed534c9/text'
[DEBUG] 

Request DefaultFullHttpRequest(decodeResult: success, version: HTTP/1.1, content: EmptyByteBufBE)
GET /session/157a910c0f3cfa9d788aac89f8c82209/element/cb3d77b4-e407-4f0d-a46c-1483eed534c9/text HTTP/1.1
User-Agent: selenium/4.8.3 (java windows)
Cache-Control: no-cache
Content-Type: application/json; charset=utf-8
host: localhost:36722
accept: */*

Response DefaultHttpResponse(decodeResult: success, version: HTTP/1.1)
HTTP/1.1 200 OK
Content-Length: 1539
Content-Type: application/json; charset=utf-8
cache-control: no-cache

[DEBUG] Adding key: http://localhost:36722 for channel [id: 0xc6006600, L:/127.0.0.1:50733 - R:localhost/127.0.0.1:36722]
[INFO ] 2023-04-16 08:31:26.668 [main] StepDef - User can view confirmation message - passed
[DEBUG] Using pooled Channel '[id: 0xc6006600, L:/127.0.0.1:50733 - R:localhost/127.0.0.1:36722]' for 'DELETE' to 'http://localhost:36722/session/157a910c0f3cfa9d788aac89f8c82209/window'
[DEBUG] Using open Channel [id: 0xc6006600, L:/127.0.0.1:50733 - R:localhost/127.0.0.1:36722] for DELETE '/session/157a910c0f3cfa9d788aac89f8c82209/window'
[DEBUG] Channel Closed: [id: 0x617032d0, L:/127.0.0.1:50740 ! R:localhost/127.0.0.1:50734] with attribute DISCARD
[DEBUG] Channel Closed: [id: 0x01c9bde5, L:/127.0.0.1:50741 ! R:localhost/127.0.0.1:50734] with attribute NettyResponseFuture{currentRetry=0,
	isDone=1,
	isCancelled=0,
	asyncHandler=org.asynchttpclient.ws.WebSocketUpgradeHandler@44f88b3,
	nettyRequest=org.asynchttpclient.netty.request.NettyRequest@4dc8c2a4,
	future=java.util.concurrent.CompletableFuture@16b9f447[Completed normally],
	uri=ws://localhost:50734/devtools/browser/ee197389-dc21-461d-8771-c3d17be4a27d,
	keepAlive=true,
	redirectCount=0,
	timeoutsHolder=null,
	inAuth=0,
	touch=1681648276910}
[DEBUG] Closing Channel [id: 0x01c9bde5, L:/127.0.0.1:50741 ! R:localhost/127.0.0.1:50734] 
[DEBUG] 

Request DefaultFullHttpRequest(decodeResult: success, version: HTTP/1.1, content: EmptyByteBufBE)
DELETE /session/157a910c0f3cfa9d788aac89f8c82209/window HTTP/1.1
User-Agent: selenium/4.8.3 (java windows)
Content-Type: application/json; charset=utf-8
host: localhost:36722
accept: */*

Response DefaultHttpResponse(decodeResult: success, version: HTTP/1.1)
HTTP/1.1 200 OK
Content-Length: 12
Content-Type: application/json; charset=utf-8
cache-control: no-cache

[DEBUG] Adding key: http://localhost:36722 for channel [id: 0xc6006600, L:/127.0.0.1:50733 - R:localhost/127.0.0.1:36722]
[INFO ] 2023-04-16 08:31:26.775 [main] StepDef - Browser closed
Tear Down method executed..
[DEBUG] Using pooled Channel '[id: 0xc6006600, L:/127.0.0.1:50733 - R:localhost/127.0.0.1:36722]' for 'DELETE' to 'http://localhost:36722/session/157a910c0f3cfa9d788aac89f8c82209'
[DEBUG] Using open Channel [id: 0xc6006600, L:/127.0.0.1:50733 - R:localhost/127.0.0.1:36722] for DELETE '/session/157a910c0f3cfa9d788aac89f8c82209'
[DEBUG] 

Request DefaultFullHttpRequest(decodeResult: success, version: HTTP/1.1, content: EmptyByteBufBE)
DELETE /session/157a910c0f3cfa9d788aac89f8c82209 HTTP/1.1
User-Agent: selenium/4.8.3 (java windows)
Content-Type: application/json; charset=utf-8
host: localhost:36722
accept: */*

Response DefaultHttpResponse(decodeResult: success, version: HTTP/1.1)
HTTP/1.1 200 OK
Content-Length: 14
Content-Type: application/json; charset=utf-8
cache-control: no-cache

[DEBUG] Adding key: http://localhost:36722 for channel [id: 0xc6006600, L:/127.0.0.1:50733 - R:localhost/127.0.0.1:36722]
[DEBUG] Channel Closed: [id: 0xc6006600, L:/127.0.0.1:50733 ! R:localhost/127.0.0.1:36722] with attribute DISCARD
]]></system-out>
    <system-err><![CDATA[Starting ChromeDriver 112.0.5615.49 (bd2a7bcb881c11e8cfe3078709382934e3916914-refs/branch-heads/5615@{#936}) on port 36722
Only local connections are allowed.
Please see https://chromedriver.chromium.org/security-considerations for suggestions on keeping ChromeDriver safe.
ChromeDriver was started successfully.
Apr. 16, 2023 8:31:16 A.M. org.openqa.selenium.devtools.CdpVersionFinder findNearestMatch
WARNING: Unable to find an exact match for CDP version 112, so returning the closest version found: 111
]]></system-err>
  </testcase>
  <testcase name="runScenario[&quot;Search Customer by Email&quot;, &quot;Customers&quot;](2)" classname="TestRunner.Run" time="11.745">
    <system-out><![CDATA[Setup-Sanity method executed..
[DEBUG] Resolution chrome=112 in cache (valid until 09:16:16 16/04/2023 EDT)
[DEBUG] Resolution chrome112=112.0.5615.49 in cache (valid until 08:16:16 17/04/2023 EDT)
[INFO] Using chromedriver 112.0.5615.49 (resolved driver for Chrome 112)
[DEBUG] Driver chromedriver 112.0.5615.49 found in cache
[INFO] Exporting webdriver.chrome.driver as C:\Users\ghaya\.cache\selenium\chromedriver\win32\112.0.5615.49\chromedriver.exe
[DEBUG] Entry count for : http://localhost:50734 : 1
[DEBUG] Entry count for : http://localhost:36722 : 1
[DEBUG] Adding Candidate expired Channel [id: 0x617032d0, L:/127.0.0.1:50740 ! R:localhost/127.0.0.1:50734] isIdleTimeoutExpired=false isRemotelyClosed=true isTtlExpired=false
[DEBUG] Closing Idle Channel [id: 0x617032d0, L:/127.0.0.1:50740 ! R:localhost/127.0.0.1:50734]
[DEBUG] Adding Candidate expired Channel [id: 0xc6006600, L:/127.0.0.1:50733 ! R:localhost/127.0.0.1:36722] isIdleTimeoutExpired=false isRemotelyClosed=true isTtlExpired=false
[DEBUG] Closing Idle Channel [id: 0xc6006600, L:/127.0.0.1:50733 ! R:localhost/127.0.0.1:36722]
[DEBUG] Closed 2 connections out of 2 in 0 ms
[DEBUG] Using new Channel '[id: 0x14146d1e, L:/127.0.0.1:50758 - R:localhost/127.0.0.1:43898]' for 'POST' to '/session'
[DEBUG] 

Request DefaultHttpRequest(decodeResult: success, version: HTTP/1.1)
POST /session HTTP/1.1
User-Agent: selenium/4.8.3 (java windows)
Content-Length: 439
Content-Type: application/json; charset=utf-8
host: localhost:43898
accept: */*

Response DefaultHttpResponse(decodeResult: success, version: HTTP/1.1)
HTTP/1.1 200 OK
Content-Length: 859
Content-Type: application/json; charset=utf-8
cache-control: no-cache

[DEBUG] Adding key: http://localhost:43898 for channel [id: 0x14146d1e, L:/127.0.0.1:50758 - R:localhost/127.0.0.1:43898]
[DEBUG] Using new Channel '[id: 0x66f14181, L:/127.0.0.1:50765 - R:localhost/127.0.0.1:50759]' for 'GET' to '/json/version'
[DEBUG] 

Request DefaultFullHttpRequest(decodeResult: success, version: HTTP/1.1, content: EmptyByteBufBE)
GET /json/version HTTP/1.1
User-Agent: selenium/4.8.3 (java windows)
host: localhost:50759
accept: */*

Response DefaultHttpResponse(decodeResult: success, version: HTTP/1.1)
HTTP/1.1 200 OK
Content-Security-Policy: frame-ancestors 'none'
Content-Length: 422
Content-Type: application/json; charset=UTF-8

[DEBUG] Adding key: http://localhost:50759 for channel [id: 0x66f14181, L:/127.0.0.1:50765 - R:localhost/127.0.0.1:50759]
[DEBUG] Using new Channel '[id: 0x7aecb274, L:/127.0.0.1:50766 - R:localhost/127.0.0.1:50759]' for 'GET' to '/devtools/browser/e25a24b8-c501-48af-a44c-ae6e3bf29daa'
[DEBUG] 

Request DefaultFullHttpRequest(decodeResult: success, version: HTTP/1.1, content: EmptyByteBufBE)
GET /devtools/browser/e25a24b8-c501-48af-a44c-ae6e3bf29daa HTTP/1.1
upgrade: websocket
connection: upgrade
sec-websocket-key: u7gPFlQaDpQvtbWm8DTF6w==
sec-websocket-version: 13
origin: http://localhost:50759
host: localhost:50759
accept: */*
user-agent: AHC/2.1

Response DefaultHttpResponse(decodeResult: success, version: HTTP/1.1)
HTTP/1.1 101 WebSocket Protocol Handshake
Upgrade: WebSocket
Connection: Upgrade
Sec-WebSocket-Accept: kDI93aBBIvd3tTHLR1Lqb+3Onls=

[DEBUG] Entry count for : http://localhost:50759 : 1
[DEBUG] Entry count for : http://localhost:43898 : 1
[FATAL] 2023-04-16 08:31:28.590 [main] StepDef - Setup1 executed...
[INFO ] 2023-04-16 08:31:28.593 [main] StepDef - chrome browser launched
[DEBUG] Using pooled Channel '[id: 0x14146d1e, L:/127.0.0.1:50758 - R:localhost/127.0.0.1:43898]' for 'POST' to 'http://localhost:43898/session/7f91aef6d1d09fe3749d3adfa31694e2/url'
[DEBUG] Using open Channel [id: 0x14146d1e, L:/127.0.0.1:50758 - R:localhost/127.0.0.1:43898] for POST '/session/7f91aef6d1d09fe3749d3adfa31694e2/url'
[DEBUG] 

Request DefaultHttpRequest(decodeResult: success, version: HTTP/1.1)
POST /session/7f91aef6d1d09fe3749d3adfa31694e2/url HTTP/1.1
User-Agent: selenium/4.8.3 (java windows)
Content-Length: 69
Content-Type: application/json; charset=utf-8
host: localhost:43898
accept: */*

Response DefaultHttpResponse(decodeResult: success, version: HTTP/1.1)
HTTP/1.1 200 OK
Content-Length: 14
Content-Type: application/json; charset=utf-8
cache-control: no-cache

[DEBUG] Adding key: http://localhost:43898 for channel [id: 0x14146d1e, L:/127.0.0.1:50758 - R:localhost/127.0.0.1:43898]
[INFO ] 2023-04-16 08:31:29.519 [main] StepDef - url opened
[DEBUG] Using pooled Channel '[id: 0x14146d1e, L:/127.0.0.1:50758 - R:localhost/127.0.0.1:43898]' for 'POST' to 'http://localhost:43898/session/7f91aef6d1d09fe3749d3adfa31694e2/element'
[DEBUG] Using open Channel [id: 0x14146d1e, L:/127.0.0.1:50758 - R:localhost/127.0.0.1:43898] for POST '/session/7f91aef6d1d09fe3749d3adfa31694e2/element'
[DEBUG] 

Request DefaultHttpRequest(decodeResult: success, version: HTTP/1.1)
POST /session/7f91aef6d1d09fe3749d3adfa31694e2/element HTTP/1.1
User-Agent: selenium/4.8.3 (java windows)
Content-Length: 50
Content-Type: application/json; charset=utf-8
host: localhost:43898
accept: */*

Response DefaultHttpResponse(decodeResult: success, version: HTTP/1.1)
HTTP/1.1 200 OK
Content-Length: 88
Content-Type: application/json; charset=utf-8
cache-control: no-cache

[DEBUG] Adding key: http://localhost:43898 for channel [id: 0x14146d1e, L:/127.0.0.1:50758 - R:localhost/127.0.0.1:43898]
[DEBUG] Using pooled Channel '[id: 0x14146d1e, L:/127.0.0.1:50758 - R:localhost/127.0.0.1:43898]' for 'POST' to 'http://localhost:43898/session/7f91aef6d1d09fe3749d3adfa31694e2/element/37ab62b7-60cf-438d-8a65-d2586f49ce6a/clear'
[DEBUG] Using open Channel [id: 0x14146d1e, L:/127.0.0.1:50758 - R:localhost/127.0.0.1:43898] for POST '/session/7f91aef6d1d09fe3749d3adfa31694e2/element/37ab62b7-60cf-438d-8a65-d2586f49ce6a/clear'
[DEBUG] 

Request DefaultHttpRequest(decodeResult: success, version: HTTP/1.1)
POST /session/7f91aef6d1d09fe3749d3adfa31694e2/element/37ab62b7-60cf-438d-8a65-d2586f49ce6a/clear HTTP/1.1
User-Agent: selenium/4.8.3 (java windows)
Content-Length: 50
Content-Type: application/json; charset=utf-8
host: localhost:43898
accept: */*

Response DefaultHttpResponse(decodeResult: success, version: HTTP/1.1)
HTTP/1.1 200 OK
Content-Length: 14
Content-Type: application/json; charset=utf-8
cache-control: no-cache

[DEBUG] Adding key: http://localhost:43898 for channel [id: 0x14146d1e, L:/127.0.0.1:50758 - R:localhost/127.0.0.1:43898]
[DEBUG] Using pooled Channel '[id: 0x14146d1e, L:/127.0.0.1:50758 - R:localhost/127.0.0.1:43898]' for 'POST' to 'http://localhost:43898/session/7f91aef6d1d09fe3749d3adfa31694e2/element'
[DEBUG] Using open Channel [id: 0x14146d1e, L:/127.0.0.1:50758 - R:localhost/127.0.0.1:43898] for POST '/session/7f91aef6d1d09fe3749d3adfa31694e2/element'
[DEBUG] 

Request DefaultHttpRequest(decodeResult: success, version: HTTP/1.1)
POST /session/7f91aef6d1d09fe3749d3adfa31694e2/element HTTP/1.1
User-Agent: selenium/4.8.3 (java windows)
Content-Length: 50
Content-Type: application/json; charset=utf-8
host: localhost:43898
accept: */*

Response DefaultHttpResponse(decodeResult: success, version: HTTP/1.1)
HTTP/1.1 200 OK
Content-Length: 88
Content-Type: application/json; charset=utf-8
cache-control: no-cache

[DEBUG] Adding key: http://localhost:43898 for channel [id: 0x14146d1e, L:/127.0.0.1:50758 - R:localhost/127.0.0.1:43898]
[DEBUG] Using pooled Channel '[id: 0x14146d1e, L:/127.0.0.1:50758 - R:localhost/127.0.0.1:43898]' for 'POST' to 'http://localhost:43898/session/7f91aef6d1d09fe3749d3adfa31694e2/element/37ab62b7-60cf-438d-8a65-d2586f49ce6a/value'
[DEBUG] Using open Channel [id: 0x14146d1e, L:/127.0.0.1:50758 - R:localhost/127.0.0.1:43898] for POST '/session/7f91aef6d1d09fe3749d3adfa31694e2/element/37ab62b7-60cf-438d-8a65-d2586f49ce6a/value'
[DEBUG] 

Request DefaultHttpRequest(decodeResult: success, version: HTTP/1.1)
POST /session/7f91aef6d1d09fe3749d3adfa31694e2/element/37ab62b7-60cf-438d-8a65-d2586f49ce6a/value HTTP/1.1
User-Agent: selenium/4.8.3 (java windows)
Content-Length: 271
Content-Type: application/json; charset=utf-8
host: localhost:43898
accept: */*

Response DefaultHttpResponse(decodeResult: success, version: HTTP/1.1)
HTTP/1.1 200 OK
Content-Length: 14
Content-Type: application/json; charset=utf-8
cache-control: no-cache

[DEBUG] Adding key: http://localhost:43898 for channel [id: 0x14146d1e, L:/127.0.0.1:50758 - R:localhost/127.0.0.1:43898]
[DEBUG] Using pooled Channel '[id: 0x14146d1e, L:/127.0.0.1:50758 - R:localhost/127.0.0.1:43898]' for 'POST' to 'http://localhost:43898/session/7f91aef6d1d09fe3749d3adfa31694e2/element'
[DEBUG] Using open Channel [id: 0x14146d1e, L:/127.0.0.1:50758 - R:localhost/127.0.0.1:43898] for POST '/session/7f91aef6d1d09fe3749d3adfa31694e2/element'
[DEBUG] 

Request DefaultHttpRequest(decodeResult: success, version: HTTP/1.1)
POST /session/7f91aef6d1d09fe3749d3adfa31694e2/element HTTP/1.1
User-Agent: selenium/4.8.3 (java windows)
Content-Length: 53
Content-Type: application/json; charset=utf-8
host: localhost:43898
accept: */*

Response DefaultHttpResponse(decodeResult: success, version: HTTP/1.1)
HTTP/1.1 200 OK
Content-Length: 88
Content-Type: application/json; charset=utf-8
cache-control: no-cache

[DEBUG] Adding key: http://localhost:43898 for channel [id: 0x14146d1e, L:/127.0.0.1:50758 - R:localhost/127.0.0.1:43898]
[DEBUG] Using pooled Channel '[id: 0x14146d1e, L:/127.0.0.1:50758 - R:localhost/127.0.0.1:43898]' for 'POST' to 'http://localhost:43898/session/7f91aef6d1d09fe3749d3adfa31694e2/element/b66485d1-757f-4260-9bf5-e07fdc80ba66/clear'
[DEBUG] Using open Channel [id: 0x14146d1e, L:/127.0.0.1:50758 - R:localhost/127.0.0.1:43898] for POST '/session/7f91aef6d1d09fe3749d3adfa31694e2/element/b66485d1-757f-4260-9bf5-e07fdc80ba66/clear'
[DEBUG] 

Request DefaultHttpRequest(decodeResult: success, version: HTTP/1.1)
POST /session/7f91aef6d1d09fe3749d3adfa31694e2/element/b66485d1-757f-4260-9bf5-e07fdc80ba66/clear HTTP/1.1
User-Agent: selenium/4.8.3 (java windows)
Content-Length: 50
Content-Type: application/json; charset=utf-8
host: localhost:43898
accept: */*

Response DefaultHttpResponse(decodeResult: success, version: HTTP/1.1)
HTTP/1.1 200 OK
Content-Length: 14
Content-Type: application/json; charset=utf-8
cache-control: no-cache

[DEBUG] Adding key: http://localhost:43898 for channel [id: 0x14146d1e, L:/127.0.0.1:50758 - R:localhost/127.0.0.1:43898]
[DEBUG] Using pooled Channel '[id: 0x14146d1e, L:/127.0.0.1:50758 - R:localhost/127.0.0.1:43898]' for 'POST' to 'http://localhost:43898/session/7f91aef6d1d09fe3749d3adfa31694e2/element'
[DEBUG] Using open Channel [id: 0x14146d1e, L:/127.0.0.1:50758 - R:localhost/127.0.0.1:43898] for POST '/session/7f91aef6d1d09fe3749d3adfa31694e2/element'
[DEBUG] 

Request DefaultHttpRequest(decodeResult: success, version: HTTP/1.1)
POST /session/7f91aef6d1d09fe3749d3adfa31694e2/element HTTP/1.1
User-Agent: selenium/4.8.3 (java windows)
Content-Length: 53
Content-Type: application/json; charset=utf-8
host: localhost:43898
accept: */*

Response DefaultHttpResponse(decodeResult: success, version: HTTP/1.1)
HTTP/1.1 200 OK
Content-Length: 88
Content-Type: application/json; charset=utf-8
cache-control: no-cache

[DEBUG] Adding key: http://localhost:43898 for channel [id: 0x14146d1e, L:/127.0.0.1:50758 - R:localhost/127.0.0.1:43898]
[DEBUG] Using pooled Channel '[id: 0x14146d1e, L:/127.0.0.1:50758 - R:localhost/127.0.0.1:43898]' for 'POST' to 'http://localhost:43898/session/7f91aef6d1d09fe3749d3adfa31694e2/element/b66485d1-757f-4260-9bf5-e07fdc80ba66/value'
[DEBUG] Using open Channel [id: 0x14146d1e, L:/127.0.0.1:50758 - R:localhost/127.0.0.1:43898] for POST '/session/7f91aef6d1d09fe3749d3adfa31694e2/element/b66485d1-757f-4260-9bf5-e07fdc80ba66/value'
[DEBUG] 

Request DefaultHttpRequest(decodeResult: success, version: HTTP/1.1)
POST /session/7f91aef6d1d09fe3749d3adfa31694e2/element/b66485d1-757f-4260-9bf5-e07fdc80ba66/value HTTP/1.1
User-Agent: selenium/4.8.3 (java windows)
Content-Length: 131
Content-Type: application/json; charset=utf-8
host: localhost:43898
accept: */*

Response DefaultHttpResponse(decodeResult: success, version: HTTP/1.1)
HTTP/1.1 200 OK
Content-Length: 14
Content-Type: application/json; charset=utf-8
cache-control: no-cache

[DEBUG] Adding key: http://localhost:43898 for channel [id: 0x14146d1e, L:/127.0.0.1:50758 - R:localhost/127.0.0.1:43898]
[INFO ] 2023-04-16 08:31:29.643 [main] StepDef - email address and password entered
[DEBUG] Using pooled Channel '[id: 0x14146d1e, L:/127.0.0.1:50758 - R:localhost/127.0.0.1:43898]' for 'POST' to 'http://localhost:43898/session/7f91aef6d1d09fe3749d3adfa31694e2/element'
[DEBUG] Using open Channel [id: 0x14146d1e, L:/127.0.0.1:50758 - R:localhost/127.0.0.1:43898] for POST '/session/7f91aef6d1d09fe3749d3adfa31694e2/element'
[DEBUG] 

Request DefaultHttpRequest(decodeResult: success, version: HTTP/1.1)
POST /session/7f91aef6d1d09fe3749d3adfa31694e2/element HTTP/1.1
User-Agent: selenium/4.8.3 (java windows)
Content-Length: 87
Content-Type: application/json; charset=utf-8
host: localhost:43898
accept: */*

Response DefaultHttpResponse(decodeResult: success, version: HTTP/1.1)
HTTP/1.1 200 OK
Content-Length: 88
Content-Type: application/json; charset=utf-8
cache-control: no-cache

[DEBUG] Adding key: http://localhost:43898 for channel [id: 0x14146d1e, L:/127.0.0.1:50758 - R:localhost/127.0.0.1:43898]
[DEBUG] Using pooled Channel '[id: 0x14146d1e, L:/127.0.0.1:50758 - R:localhost/127.0.0.1:43898]' for 'POST' to 'http://localhost:43898/session/7f91aef6d1d09fe3749d3adfa31694e2/element/6ab302ef-e796-4da0-ae8f-befd84046214/click'
[DEBUG] Using open Channel [id: 0x14146d1e, L:/127.0.0.1:50758 - R:localhost/127.0.0.1:43898] for POST '/session/7f91aef6d1d09fe3749d3adfa31694e2/element/6ab302ef-e796-4da0-ae8f-befd84046214/click'
[DEBUG] Entry count for : http://localhost:50759 : 1
[DEBUG] Entry count for : http://localhost:50759 : 1
[DEBUG] 

Request DefaultHttpRequest(decodeResult: success, version: HTTP/1.1)
POST /session/7f91aef6d1d09fe3749d3adfa31694e2/element/6ab302ef-e796-4da0-ae8f-befd84046214/click HTTP/1.1
User-Agent: selenium/4.8.3 (java windows)
Content-Length: 50
Content-Type: application/json; charset=utf-8
host: localhost:43898
accept: */*

Response DefaultHttpResponse(decodeResult: success, version: HTTP/1.1)
HTTP/1.1 200 OK
Content-Length: 14
Content-Type: application/json; charset=utf-8
cache-control: no-cache

[DEBUG] Adding key: http://localhost:43898 for channel [id: 0x14146d1e, L:/127.0.0.1:50758 - R:localhost/127.0.0.1:43898]
[INFO ] 2023-04-16 08:31:31.634 [main] StepDef - Clicked on login button
[DEBUG] Using pooled Channel '[id: 0x14146d1e, L:/127.0.0.1:50758 - R:localhost/127.0.0.1:43898]' for 'GET' to 'http://localhost:43898/session/7f91aef6d1d09fe3749d3adfa31694e2/title'
[DEBUG] Using open Channel [id: 0x14146d1e, L:/127.0.0.1:50758 - R:localhost/127.0.0.1:43898] for GET '/session/7f91aef6d1d09fe3749d3adfa31694e2/title'
[DEBUG] 

Request DefaultFullHttpRequest(decodeResult: success, version: HTTP/1.1, content: EmptyByteBufBE)
GET /session/7f91aef6d1d09fe3749d3adfa31694e2/title HTTP/1.1
User-Agent: selenium/4.8.3 (java windows)
Cache-Control: no-cache
Content-Type: application/json; charset=utf-8
host: localhost:43898
accept: */*

Response DefaultHttpResponse(decodeResult: success, version: HTTP/1.1)
HTTP/1.1 200 OK
Content-Length: 50
Content-Type: application/json; charset=utf-8
cache-control: no-cache

[DEBUG] Adding key: http://localhost:43898 for channel [id: 0x14146d1e, L:/127.0.0.1:50758 - R:localhost/127.0.0.1:43898]
[INFO ] 2023-04-16 08:31:31.647 [main] StepDef - user can view dashboard test passed.
[DEBUG] Using pooled Channel '[id: 0x14146d1e, L:/127.0.0.1:50758 - R:localhost/127.0.0.1:43898]' for 'POST' to 'http://localhost:43898/session/7f91aef6d1d09fe3749d3adfa31694e2/element'
[DEBUG] Using open Channel [id: 0x14146d1e, L:/127.0.0.1:50758 - R:localhost/127.0.0.1:43898] for POST '/session/7f91aef6d1d09fe3749d3adfa31694e2/element'
[DEBUG] 

Request DefaultHttpRequest(decodeResult: success, version: HTTP/1.1)
POST /session/7f91aef6d1d09fe3749d3adfa31694e2/element HTTP/1.1
User-Agent: selenium/4.8.3 (java windows)
Content-Length: 104
Content-Type: application/json; charset=utf-8
host: localhost:43898
accept: */*

Response DefaultHttpResponse(decodeResult: success, version: HTTP/1.1)
HTTP/1.1 200 OK
Content-Length: 88
Content-Type: application/json; charset=utf-8
cache-control: no-cache

[DEBUG] Adding key: http://localhost:43898 for channel [id: 0x14146d1e, L:/127.0.0.1:50758 - R:localhost/127.0.0.1:43898]
[DEBUG] Using pooled Channel '[id: 0x14146d1e, L:/127.0.0.1:50758 - R:localhost/127.0.0.1:43898]' for 'POST' to 'http://localhost:43898/session/7f91aef6d1d09fe3749d3adfa31694e2/element/441ce0bd-c407-4357-bd2f-b47cd6b7d047/click'
[DEBUG] Using open Channel [id: 0x14146d1e, L:/127.0.0.1:50758 - R:localhost/127.0.0.1:43898] for POST '/session/7f91aef6d1d09fe3749d3adfa31694e2/element/441ce0bd-c407-4357-bd2f-b47cd6b7d047/click'
[DEBUG] 

Request DefaultHttpRequest(decodeResult: success, version: HTTP/1.1)
POST /session/7f91aef6d1d09fe3749d3adfa31694e2/element/441ce0bd-c407-4357-bd2f-b47cd6b7d047/click HTTP/1.1
User-Agent: selenium/4.8.3 (java windows)
Content-Length: 50
Content-Type: application/json; charset=utf-8
host: localhost:43898
accept: */*

Response DefaultHttpResponse(decodeResult: success, version: HTTP/1.1)
HTTP/1.1 200 OK
Content-Length: 14
Content-Type: application/json; charset=utf-8
cache-control: no-cache

[DEBUG] Adding key: http://localhost:43898 for channel [id: 0x14146d1e, L:/127.0.0.1:50758 - R:localhost/127.0.0.1:43898]
[INFO ] 2023-04-16 08:31:31.684 [main] StepDef - customer menu clicked
[DEBUG] Entry count for : http://localhost:50759 : 1
[DEBUG] Entry count for : http://localhost:43898 : 1
[DEBUG] Entry count for : http://localhost:50759 : 1
[DEBUG] Entry count for : http://localhost:43898 : 1
[...]
GET /json/version HTTP/1.1
User-Agent: selenium/4.8.3 (java windows)
host: localhost:50830
accept: */*

Response DefaultHttpResponse(decodeResult: success, version: HTTP/1.1)
HTTP/1.1 200 OK
Content-Security-Policy: frame-ancestors 'none'
Content-Length: 422
Content-Type: application/json; charset=UTF-8

[DEBUG] Adding key: http://localhost:50830 for channel [id: 0xd5d9c157, L:/127.0.0.1:50836 - R:localhost/127.0.0.1:50830]
[DEBUG] Using new Channel '[id: 0x75a0df15, L:/127.0.0.1:50837 - R:localhost/127.0.0.1:50830]' for 'GET' to '/devtools/browser/bd9c6aa7-d40f-4b3e-8d70-f49b960e462f'
[DEBUG] 

Request DefaultFullHttpRequest(decodeResult: success, version: HTTP/1.1, content: EmptyByteBufBE)
GET /devtools/browser/bd9c6aa7-d40f-4b3e-8d70-f49b960e462f HTTP/1.1
upgrade: websocket
connection: upgrade
sec-websocket-key: t52xI16lI+SgL12TegMzzw==
sec-websocket-version: 13
origin: http://localhost:50830
host: localhost:50830
accept: */*
user-agent: AHC/2.1

Response DefaultHttpResponse(decodeResult: success, version: HTTP/1.1)
HTTP/1.1 101 WebSocket Protocol Handshake
Upgrade: WebSocket
Connection: Upgrade
Sec-WebSocket-Accept: QRxLJgdBTD/JfBqB2xeHvqsGGPE=

[FATAL] 2023-04-16 08:31:56.784 [main] StepDef - Setup1 executed...
[INFO ] 2023-04-16 08:31:56.785 [main] StepDef - chrome browser launched
[DEBUG] Using pooled Channel '[id: 0xa63e486b, L:/127.0.0.1:50829 - R:localhost/127.0.0.1:1818]' for 'POST' to 'http://localhost:1818/session/cff40ccc68fb989f70d072543387bd04/url'
[DEBUG] Using open Channel [id: 0xa63e486b, L:/127.0.0.1:50829 - R:localhost/127.0.0.1:1818] for POST '/session/cff40ccc68fb989f70d072543387bd04/url'
[DEBUG] Entry count for : http://localhost:50830 : 1
[DEBUG] 

Request DefaultHttpRequest(decodeResult: success, version: HTTP/1.1)
POST /session/cff40ccc68fb989f70d072543387bd04/url HTTP/1.1
User-Agent: selenium/4.8.3 (java windows)
Content-Length: 69
Content-Type: application/json; charset=utf-8
host: localhost:1818
accept: */*

Response DefaultHttpResponse(decodeResult: success, version: HTTP/1.1)
HTTP/1.1 200 OK
Content-Length: 14
Content-Type: application/json; charset=utf-8
cache-control: no-cache

[DEBUG] Adding key: http://localhost:1818 for channel [id: 0xa63e486b, L:/127.0.0.1:50829 - R:localhost/127.0.0.1:1818]
[INFO ] 2023-04-16 08:31:57.425 [main] StepDef - url opened
[DEBUG] Using pooled Channel '[id: 0xa63e486b, L:/127.0.0.1:50829 - R:localhost/127.0.0.1:1818]' for 'POST' to 'http://localhost:1818/session/cff40ccc68fb989f70d072543387bd04/element'
[DEBUG] Using open Channel [id: 0xa63e486b, L:/127.0.0.1:50829 - R:localhost/127.0.0.1:1818] for POST '/session/cff40ccc68fb989f70d072543387bd04/element'
[DEBUG] 

Request DefaultHttpRequest(decodeResult: success, version: HTTP/1.1)
POST /session/cff40ccc68fb989f70d072543387bd04/element HTTP/1.1
User-Agent: selenium/4.8.3 (java windows)
Content-Length: 50
Content-Type: application/json; charset=utf-8
host: localhost:1818
accept: */*

Response DefaultHttpResponse(decodeResult: success, version: HTTP/1.1)
HTTP/1.1 200 OK
Content-Length: 88
Content-Type: application/json; charset=utf-8
cache-control: no-cache

[DEBUG] Adding key: http://localhost:1818 for channel [id: 0xa63e486b, L:/127.0.0.1:50829 - R:localhost/127.0.0.1:1818]
[DEBUG] Using pooled Channel '[id: 0xa63e486b, L:/127.0.0.1:50829 - R:localhost/127.0.0.1:1818]' for 'POST' to 'http://localhost:1818/session/cff40ccc68fb989f70d072543387bd04/element/600bdd3b-74fd-4dd9-b372-d34699490d5b/clear'
[DEBUG] Using open Channel [id: 0xa63e486b, L:/127.0.0.1:50829 - R:localhost/127.0.0.1:1818] for POST '/session/cff40ccc68fb989f70d072543387bd04/element/600bdd3b-74fd-4dd9-b372-d34699490d5b/clear'
[DEBUG] 

Request DefaultHttpRequest(decodeResult: success, version: HTTP/1.1)
POST /session/cff40ccc68fb989f70d072543387bd04/element/600bdd3b-74fd-4dd9-b372-d34699490d5b/clear HTTP/1.1
User-Agent: selenium/4.8.3 (java windows)
Content-Length: 50
Content-Type: application/json; charset=utf-8
host: localhost:1818
accept: */*

Response DefaultHttpResponse(decodeResult: success, version: HTTP/1.1)
HTTP/1.1 200 OK
Content-Length: 14
Content-Type: application/json; charset=utf-8
cache-control: no-cache

[DEBUG] Adding key: http://localhost:1818 for channel [id: 0xa63e486b, L:/127.0.0.1:50829 - R:localhost/127.0.0.1:1818]
[DEBUG] Using pooled Channel '[id: 0xa63e486b, L:/127.0.0.1:50829 - R:localhost/127.0.0.1:1818]' for 'POST' to 'http://localhost:1818/session/cff40ccc68fb989f70d072543387bd04/element'
[DEBUG] Using open Channel [id: 0xa63e486b, L:/127.0.0.1:50829 - R:localhost/127.0.0.1:1818] for POST '/session/cff40ccc68fb989f70d072543387bd04/element'
[DEBUG] 

Request DefaultHttpRequest(decodeResult: success, version: HTTP/1.1)
POST /session/cff40ccc68fb989f70d072543387bd04/element HTTP/1.1
User-Agent: selenium/4.8.3 (java windows)
Content-Length: 50
Content-Type: application/json; charset=utf-8
host: localhost:1818
accept: */*

Response DefaultHttpResponse(decodeResult: success, version: HTTP/1.1)
HTTP/1.1 200 OK
Content-Length: 88
Content-Type: application/json; charset=utf-8
cache-control: no-cache

[DEBUG] Adding key: http://localhost:1818 for channel [id: 0xa63e486b, L:/127.0.0.1:50829 - R:localhost/127.0.0.1:1818]
[DEBUG] Using pooled Channel '[id: 0xa63e486b, L:/127.0.0.1:50829 - R:localhost/127.0.0.1:1818]' for 'POST' to 'http://localhost:1818/session/cff40ccc68fb989f70d072543387bd04/element/600bdd3b-74fd-4dd9-b372-d34699490d5b/value'
[DEBUG] Using open Channel [id: 0xa63e486b, L:/127.0.0.1:50829 - R:localhost/127.0.0.1:1818] for POST '/session/cff40ccc68fb989f70d072543387bd04/element/600bdd3b-74fd-4dd9-b372-d34699490d5b/value'
[DEBUG] 

Request DefaultHttpRequest(decodeResult: success, version: HTTP/1.1)
POST /session/cff40ccc68fb989f70d072543387bd04/element/600bdd3b-74fd-4dd9-b372-d34699490d5b/value HTTP/1.1
User-Agent: selenium/4.8.3 (java windows)
Content-Length: 271
Content-Type: application/json; charset=utf-8
host: localhost:1818
accept: */*

Response DefaultHttpResponse(decodeResult: success, version: HTTP/1.1)
HTTP/1.1 200 OK
Content-Length: 14
Content-Type: application/json; charset=utf-8
cache-control: no-cache

[DEBUG] Adding key: http://localhost:1818 for channel [id: 0xa63e486b, L:/127.0.0.1:50829 - R:localhost/127.0.0.1:1818]
[DEBUG] Using pooled Channel '[id: 0xa63e486b, L:/127.0.0.1:50829 - R:localhost/127.0.0.1:1818]' for 'POST' to 'http://localhost:1818/session/cff40ccc68fb989f70d072543387bd04/element'
[DEBUG] Using open Channel [id: 0xa63e486b, L:/127.0.0.1:50829 - R:localhost/127.0.0.1:1818] for POST '/session/cff40ccc68fb989f70d072543387bd04/element'
[DEBUG] 

Request DefaultHttpRequest(decodeResult: success, version: HTTP/1.1)
POST /session/cff40ccc68fb989f70d072543387bd04/element HTTP/1.1
User-Agent: selenium/4.8.3 (java windows)
Content-Length: 53
Content-Type: application/json; charset=utf-8
host: localhost:1818
accept: */*

Response DefaultHttpResponse(decodeResult: success, version: HTTP/1.1)
HTTP/1.1 200 OK
Content-Length: 88
Content-Type: application/json; charset=utf-8
cache-control: no-cache

[DEBUG] Adding key: http://localhost:1818 for channel [id: 0xa63e486b, L:/127.0.0.1:50829 - R:localhost/127.0.0.1:1818]
[DEBUG] Using pooled Channel '[id: 0xa63e486b, L:/127.0.0.1:50829 - R:localhost/127.0.0.1:1818]' for 'POST' to 'http://localhost:1818/session/cff40ccc68fb989f70d072543387bd04/element/bef778d6-2744-4530-98bb-e9c37257d6b6/clear'
[DEBUG] Using open Channel [id: 0xa63e486b, L:/127.0.0.1:50829 - R:localhost/127.0.0.1:1818] for POST '/session/cff40ccc68fb989f70d072543387bd04/element/bef778d6-2744-4530-98bb-e9c37257d6b6/clear'
[DEBUG] 

Request DefaultHttpRequest(decodeResult: success, version: HTTP/1.1)
POST /session/cff40ccc68fb989f70d072543387bd04/element/bef778d6-2744-4530-98bb-e9c37257d6b6/clear HTTP/1.1
User-Agent: selenium/4.8.3 (java windows)
Content-Length: 50
Content-Type: application/json; charset=utf-8
host: localhost:1818
accept: */*

Response DefaultHttpResponse(decodeResult: success, version: HTTP/1.1)
HTTP/1.1 200 OK
Content-Length: 14
Content-Type: application/json; charset=utf-8
cache-control: no-cache

[DEBUG] Adding key: http://localhost:1818 for channel [id: 0xa63e486b, L:/127.0.0.1:50829 - R:localhost/127.0.0.1:1818]
[DEBUG] Using pooled Channel '[id: 0xa63e486b, L:/127.0.0.1:50829 - R:localhost/127.0.0.1:1818]' for 'POST' to 'http://localhost:1818/session/cff40ccc68fb989f70d072543387bd04/element'
[DEBUG] Using open Channel [id: 0xa63e486b, L:/127.0.0.1:50829 - R:localhost/127.0.0.1:1818] for POST '/session/cff40ccc68fb989f70d072543387bd04/element'
[DEBUG] 

Request DefaultHttpRequest(decodeResult: success, version: HTTP/1.1)
POST /session/cff40ccc68fb989f70d072543387bd04/element HTTP/1.1
User-Agent: selenium/4.8.3 (java windows)
Content-Length: 53
Content-Type: application/json; charset=utf-8
host: localhost:1818
accept: */*

Response DefaultHttpResponse(decodeResult: success, version: HTTP/1.1)
HTTP/1.1 200 OK
Content-Length: 88
Content-Type: application/json; charset=utf-8
cache-control: no-cache

[DEBUG] Adding key: http://localhost:1818 for channel [id: 0xa63e486b, L:/127.0.0.1:50829 - R:localhost/127.0.0.1:1818]
[DEBUG] Using pooled Channel '[id: 0xa63e486b, L:/127.0.0.1:50829 - R:localhost/127.0.0.1:1818]' for 'POST' to 'http://localhost:1818/session/cff40ccc68fb989f70d072543387bd04/element/bef778d6-2744-4530-98bb-e9c37257d6b6/value'
[DEBUG] Using open Channel [id: 0xa63e486b, L:/127.0.0.1:50829 - R:localhost/127.0.0.1:1818] for POST '/session/cff40ccc68fb989f70d072543387bd04/element/bef778d6-2744-4530-98bb-e9c37257d6b6/value'
[DEBUG] 

Request DefaultHttpRequest(decodeResult: success, version: HTTP/1.1)
POST /session/cff40ccc68fb989f70d072543387bd04/element/bef778d6-2744-4530-98bb-e9c37257d6b6/value HTTP/1.1
User-Agent: selenium/4.8.3 (java windows)
Content-Length: 131
Content-Type: application/json; charset=utf-8
host: localhost:1818
accept: */*

Response DefaultHttpResponse(decodeResult: success, version: HTTP/1.1)
HTTP/1.1 200 OK
Content-Length: 14
Content-Type: application/json; charset=utf-8
cache-control: no-cache

[DEBUG] Adding key: http://localhost:1818 for channel [id: 0xa63e486b, L:/127.0.0.1:50829 - R:localhost/127.0.0.1:1818]
[INFO ] 2023-04-16 08:31:57.537 [main] StepDef - email address and password entered
[DEBUG] Using pooled Channel '[id: 0xa63e486b, L:/127.0.0.1:50829 - R:localhost/127.0.0.1:1818]' for 'POST' to 'http://localhost:1818/session/cff40ccc68fb989f70d072543387bd04/element'
[DEBUG] Using open Channel [id: 0xa63e486b, L:/127.0.0.1:50829 - R:localhost/127.0.0.1:1818] for POST '/session/cff40ccc68fb989f70d072543387bd04/element'
[DEBUG] 

Request DefaultHttpRequest(decodeResult: success, version: HTTP/1.1)
POST /session/cff40ccc68fb989f70d072543387bd04/element HTTP/1.1
User-Agent: selenium/4.8.3 (java windows)
Content-Length: 87
Content-Type: application/json; charset=utf-8
host: localhost:1818
accept: */*

Response DefaultHttpResponse(decodeResult: success, version: HTTP/1.1)
HTTP/1.1 200 OK
Content-Length: 88
Content-Type: application/json; charset=utf-8
cache-control: no-cache

[DEBUG] Adding key: http://localhost:1818 for channel [id: 0xa63e486b, L:/127.0.0.1:50829 - R:localhost/127.0.0.1:1818]
[DEBUG] Using pooled Channel '[id: 0xa63e486b, L:/127.0.0.1:50829 - R:localhost/127.0.0.1:1818]' for 'POST' to 'http://localhost:1818/session/cff40ccc68fb989f70d072543387bd04/element/3e1fa01e-522c-49fd-a342-272533b123fe/click'
[DEBUG] Using open Channel [id: 0xa63e486b, L:/127.0.0.1:50829 - R:localhost/127.0.0.1:1818] for POST '/session/cff40ccc68fb989f70d072543387bd04/element/3e1fa01e-522c-49fd-a342-272533b123fe/click'
[DEBUG] Entry count for : http://localhost:50830 : 1
[DEBUG] 

Request DefaultHttpRequest(decodeResult: success, version: HTTP/1.1)
POST /session/cff40ccc68fb989f70d072543387bd04/element/3e1fa01e-522c-49fd-a342-272533b123fe/click HTTP/1.1
User-Agent: selenium/4.8.3 (java windows)
Content-Length: 50
Content-Type: application/json; charset=utf-8
host: localhost:1818
accept: */*

Response DefaultHttpResponse(decodeResult: success, version: HTTP/1.1)
HTTP/1.1 200 OK
Content-Length: 14
Content-Type: application/json; charset=utf-8
cache-control: no-cache

[DEBUG] Adding key: http://localhost:1818 for channel [id: 0xa63e486b, L:/127.0.0.1:50829 - R:localhost/127.0.0.1:1818]
[INFO ] 2023-04-16 08:31:58.828 [main] StepDef - Clicked on login button
[DEBUG] Using pooled Channel '[id: 0xa63e486b, L:/127.0.0.1:50829 - R:localhost/127.0.0.1:1818]' for 'GET' to 'http://localhost:1818/session/cff40ccc68fb989f70d072543387bd04/title'
[DEBUG] Using open Channel [id: 0xa63e486b, L:/127.0.0.1:50829 - R:localhost/127.0.0.1:1818] for GET '/session/cff40ccc68fb989f70d072543387bd04/title'
[DEBUG] 

Request DefaultFullHttpRequest(decodeResult: success, version: HTTP/1.1, content: EmptyByteBufBE)
GET /session/cff40ccc68fb989f70d072543387bd04/title HTTP/1.1
User-Agent: selenium/4.8.3 (java windows)
Cache-Control: no-cache
Content-Type: application/json; charset=utf-8
host: localhost:1818
accept: */*

Response DefaultHttpResponse(decodeResult: success, version: HTTP/1.1)
HTTP/1.1 200 OK
Content-Length: 50
Content-Type: application/json; charset=utf-8
cache-control: no-cache

[DEBUG] Adding key: http://localhost:1818 for channel [id: 0xa63e486b, L:/127.0.0.1:50829 - R:localhost/127.0.0.1:1818]
[WARN ] 2023-04-16 08:31:58.831 [main] StepDef - Test passed: Login feature :Page title matched.
[DEBUG] Using pooled Channel '[id: 0xa63e486b, L:/127.0.0.1:50829 - R:localhost/127.0.0.1:1818]' for 'POST' to 'http://localhost:1818/session/cff40ccc68fb989f70d072543387bd04/element'
[DEBUG] Using open Channel [id: 0xa63e486b, L:/127.0.0.1:50829 - R:localhost/127.0.0.1:1818] for POST '/session/cff40ccc68fb989f70d072543387bd04/element'
[DEBUG] 

Request DefaultHttpRequest(decodeResult: success, version: HTTP/1.1)
POST /session/cff40ccc68fb989f70d072543387bd04/element HTTP/1.1
User-Agent: selenium/4.8.3 (java windows)
Content-Length: 47
Content-Type: application/json; charset=utf-8
host: localhost:1818
accept: */*

Response DefaultHttpResponse(decodeResult: success, version: HTTP/1.1)
HTTP/1.1 200 OK
Content-Length: 88
Content-Type: application/json; charset=utf-8
cache-control: no-cache

[DEBUG] Adding key: http://localhost:1818 for channel [id: 0xa63e486b, L:/127.0.0.1:50829 - R:localhost/127.0.0.1:1818]
[DEBUG] Using pooled Channel '[id: 0xa63e486b, L:/127.0.0.1:50829 - R:localhost/127.0.0.1:1818]' for 'POST' to 'http://localhost:1818/session/cff40ccc68fb989f70d072543387bd04/element/7b4bcee7-2521-4992-8a18-bd1458122d5c/click'
[DEBUG] Using open Channel [id: 0xa63e486b, L:/127.0.0.1:50829 - R:localhost/127.0.0.1:1818] for POST '/session/cff40ccc68fb989f70d072543387bd04/element/7b4bcee7-2521-4992-8a18-bd1458122d5c/click'
[DEBUG] Entry count for : http://localhost:50830 : 1
[DEBUG] 

Request DefaultHttpRequest(decodeResult: success, version: HTTP/1.1)
POST /session/cff40ccc68fb989f70d072543387bd04/element/7b4bcee7-2521-4992-8a18-bd1458122d5c/click HTTP/1.1
User-Agent: selenium/4.8.3 (java windows)
Content-Length: 50
Content-Type: application/json; charset=utf-8
host: localhost:1818
accept: */*

Response DefaultHttpResponse(decodeResult: success, version: HTTP/1.1)
HTTP/1.1 200 OK
Content-Length: 14
Content-Type: application/json; charset=utf-8
cache-control: no-cache

[DEBUG] Adding key: http://localhost:1818 for channel [id: 0xa63e486b, L:/127.0.0.1:50829 - R:localhost/127.0.0.1:1818]
[INFO ] 2023-04-16 08:31:59.562 [main] StepDef - user clicked on logout link.
[DEBUG] Using pooled Channel '[id: 0xa63e486b, L:/127.0.0.1:50829 - R:localhost/127.0.0.1:1818]' for 'GET' to 'http://localhost:1818/session/cff40ccc68fb989f70d072543387bd04/title'
[DEBUG] Using open Channel [id: 0xa63e486b, L:/127.0.0.1:50829 - R:localhost/127.0.0.1:1818] for GET '/session/cff40ccc68fb989f70d072543387bd04/title'
[DEBUG] 

Request DefaultFullHttpRequest(decodeResult: success, version: HTTP/1.1, content: EmptyByteBufBE)
GET /session/cff40ccc68fb989f70d072543387bd04/title HTTP/1.1
User-Agent: selenium/4.8.3 (java windows)
Cache-Control: no-cache
Content-Type: application/json; charset=utf-8
host: localhost:1818
accept: */*

Response DefaultHttpResponse(decodeResult: success, version: HTTP/1.1)
HTTP/1.1 200 OK
Content-Length: 29
Content-Type: application/json; charset=utf-8
cache-control: no-cache

[DEBUG] Adding key: http://localhost:1818 for channel [id: 0xa63e486b, L:/127.0.0.1:50829 - R:localhost/127.0.0.1:1818]
[WARN ] 2023-04-16 08:31:59.566 [main] StepDef - Test passed: Login feature :Page title matched.
[DEBUG] Using pooled Channel '[id: 0xa63e486b, L:/127.0.0.1:50829 - R:localhost/127.0.0.1:1818]' for 'DELETE' to 'http://localhost:1818/session/cff40ccc68fb989f70d072543387bd04/window'
[DEBUG] Using open Channel [id: 0xa63e486b, L:/127.0.0.1:50829 - R:localhost/127.0.0.1:1818] for DELETE '/session/cff40ccc68fb989f70d072543387bd04/window'
[DEBUG] Channel Closed: [id: 0xd5d9c157, L:/127.0.0.1:50836 ! R:localhost/127.0.0.1:50830] with attribute DISCARD
[DEBUG] Channel Closed: [id: 0x75a0df15, L:/127.0.0.1:50837 ! R:localhost/127.0.0.1:50830] with attribute NettyResponseFuture{currentRetry=0,
	isDone=1,
	isCancelled=0,
	asyncHandler=org.asynchttpclient.ws.WebSocketUpgradeHandler@18d9e76e,
	nettyRequest=org.asynchttpclient.netty.request.NettyRequest@5ddb6a11,
	future=java.util.concurrent.CompletableFuture@43045cc8[Completed normally],
	uri=ws://localhost:50830/devtools/browser/bd9c6aa7-d40f-4b3e-8d70-f49b960e462f,
	keepAlive=true,
	redirectCount=0,
	timeoutsHolder=null,
	inAuth=0,
	touch=1681648316783}
[DEBUG] Closing Channel [id: 0x75a0df15, L:/127.0.0.1:50837 ! R:localhost/127.0.0.1:50830] 
[DEBUG] 

Request DefaultFullHttpRequest(decodeResult: success, version: HTTP/1.1, content: EmptyByteBufBE)
DELETE /session/cff40ccc68fb989f70d072543387bd04/window HTTP/1.1
User-Agent: selenium/4.8.3 (java windows)
Content-Type: application/json; charset=utf-8
host: localhost:1818
accept: */*

Response DefaultHttpResponse(decodeResult: success, version: HTTP/1.1)
HTTP/1.1 200 OK
Content-Length: 12
Content-Type: application/json; charset=utf-8
cache-control: no-cache

[DEBUG] Adding key: http://localhost:1818 for channel [id: 0xa63e486b, L:/127.0.0.1:50829 - R:localhost/127.0.0.1:1818]
[INFO ] 2023-04-16 08:31:59.658 [main] StepDef - Browser closed
Tear Down method executed..
[DEBUG] Using pooled Channel '[id: 0xa63e486b, L:/127.0.0.1:50829 - R:localhost/127.0.0.1:1818]' for 'DELETE' to 'http://localhost:1818/session/cff40ccc68fb989f70d072543387bd04'
[DEBUG] Using open Channel [id: 0xa63e486b, L:/127.0.0.1:50829 - R:localhost/127.0.0.1:1818] for DELETE '/session/cff40ccc68fb989f70d072543387bd04'
[DEBUG] 

Request DefaultFullHttpRequest(decodeResult: success, version: HTTP/1.1, content: EmptyByteBufBE)
DELETE /session/cff40ccc68fb989f70d072543387bd04 HTTP/1.1
User-Agent: selenium/4.8.3 (java windows)
Content-Type: application/json; charset=utf-8
host: localhost:1818
accept: */*

Response DefaultHttpResponse(decodeResult: success, version: HTTP/1.1)
HTTP/1.1 200 OK
Content-Length: 14
Content-Type: application/json; charset=utf-8
cache-control: no-cache

[DEBUG] Adding key: http://localhost:1818 for channel [id: 0xa63e486b, L:/127.0.0.1:50829 - R:localhost/127.0.0.1:1818]
[DEBUG] Channel Closed: [id: 0xa63e486b, L:/127.0.0.1:50829 ! R:localhost/127.0.0.1:1818] with attribute DISCARD
]]></system-out>
    <system-err><![CDATA[Starting ChromeDriver 112.0.5615.49 (bd2a7bcb881c11e8cfe3078709382934e3916914-refs/branch-heads/5615@{#936}) on port 1818
Only local connections are allowed.
Please see https://chromedriver.chromium.org/security-considerations for suggestions on keeping ChromeDriver safe.
ChromeDriver was started successfully.
Apr. 16, 2023 8:31:56 A.M. org.openqa.selenium.devtools.CdpVersionFinder findNearestMatch
WARNING: Unable to find an exact match for CDP version 112, so returning the closest version found: 111
]]></system-err>
  </testcase>
</testsuite>